0000              1   ;--------------------------------------------------------
0000              2   ; File Created by C51
0000              3   ; Version 1.0.0 #1069 (Apr 23 2015) (MSVC)
0000              4   ; This file was generated Mon Feb 24 12:02:45 2020
0000              5   ;--------------------------------------------------------
                  5   $name lab4
                  6   $optc51 --model-small
                  7   $printf_float
0000              9            R_DSEG    segment data
0000             10            R_CSEG    segment code
0000             11            R_BSEG    segment bit
0000             12            R_XSEG    segment xdata
0000             13            R_PSEG    segment xdata
0000             14            R_ISEG    segment idata
0000             15            R_OSEG    segment data overlay
0000             16            BIT_BANK  segment data overlay
0000             17            R_HOME    segment code
0000             18            R_GSINIT  segment code
0000             19            R_IXSEG   segment xdata
0000             20            R_CONST   segment code
0000             21            R_XINIT   segment code
0000             22            R_DINIT   segment code
0000             23   
0000             24   ;--------------------------------------------------------
0000             25   ; Public variables in this module
0000             26   ;--------------------------------------------------------
0000             27            public _main
0000             28            public _getsn
0000             29            public _LCDprint
0000             30            public _LCD_4BIT
0000             31            public _WriteCommand
0000             32            public _WriteData
0000             33            public _LCD_byte
0000             34            public _LCD_pulse
0000             35            public _TIMER0_Init
0000             36            public _waitms
0000             37            public _Timer3us
0000             38            public __c51_external_startup
0000             39            public _LCDprint_PARM_3
0000             40            public _getsn_PARM_2
0000             41            public _LCDprint_PARM_2
0000             42            public _overflow_count
0000             43   ;--------------------------------------------------------
0000             44   ; Special Function Registers
0000             45   ;--------------------------------------------------------
0000             46   _ACC            DATA 0xe0
0000             47   _ADC0ASAH       DATA 0xb6
0000             48   _ADC0ASAL       DATA 0xb5
0000             49   _ADC0ASCF       DATA 0xa1
0000             50   _ADC0ASCT       DATA 0xc7
0000             51   _ADC0CF0        DATA 0xbc
0000             52   _ADC0CF1        DATA 0xb9
0000             53   _ADC0CF2        DATA 0xdf
0000             54   _ADC0CN0        DATA 0xe8
0000             55   _ADC0CN1        DATA 0xb2
0000             56   _ADC0CN2        DATA 0xb3
0000             57   _ADC0GTH        DATA 0xc4
0000             58   _ADC0GTL        DATA 0xc3
0000             59   _ADC0H          DATA 0xbe
0000             60   _ADC0L          DATA 0xbd
0000             61   _ADC0LTH        DATA 0xc6
0000             62   _ADC0LTL        DATA 0xc5
0000             63   _ADC0MX         DATA 0xbb
0000             64   _B              DATA 0xf0
0000             65   _CKCON0         DATA 0x8e
0000             66   _CKCON1         DATA 0xa6
0000             67   _CLEN0          DATA 0xc6
0000             68   _CLIE0          DATA 0xc7
0000             69   _CLIF0          DATA 0xe8
0000             70   _CLKSEL         DATA 0xa9
0000             71   _CLOUT0         DATA 0xd1
0000             72   _CLU0CF         DATA 0xb1
0000             73   _CLU0FN         DATA 0xaf
0000             74   _CLU0MX         DATA 0x84
0000             75   _CLU1CF         DATA 0xb3
0000             76   _CLU1FN         DATA 0xb2
0000             77   _CLU1MX         DATA 0x85
0000             78   _CLU2CF         DATA 0xb6
0000             79   _CLU2FN         DATA 0xb5
0000             80   _CLU2MX         DATA 0x91
0000             81   _CLU3CF         DATA 0xbf
0000             82   _CLU3FN         DATA 0xbe
0000             83   _CLU3MX         DATA 0xae
0000             84   _CMP0CN0        DATA 0x9b
0000             85   _CMP0CN1        DATA 0x99
0000             86   _CMP0MD         DATA 0x9d
0000             87   _CMP0MX         DATA 0x9f
0000             88   _CMP1CN0        DATA 0xbf
0000             89   _CMP1CN1        DATA 0xac
0000             90   _CMP1MD         DATA 0xab
0000             91   _CMP1MX         DATA 0xaa
0000             92   _CRC0CN0        DATA 0xce
0000             93   _CRC0CN1        DATA 0x86
0000             94   _CRC0CNT        DATA 0xd3
0000             95   _CRC0DAT        DATA 0xcb
0000             96   _CRC0FLIP       DATA 0xcf
0000             97   _CRC0IN         DATA 0xca
0000             98   _CRC0ST         DATA 0xd2
0000             99   _DAC0CF0        DATA 0x91
0000            100   _DAC0CF1        DATA 0x92
0000            101   _DAC0H          DATA 0x85
0000            102   _DAC0L          DATA 0x84
0000            103   _DAC1CF0        DATA 0x93
0000            104   _DAC1CF1        DATA 0x94
0000            105   _DAC1H          DATA 0x8a
0000            106   _DAC1L          DATA 0x89
0000            107   _DAC2CF0        DATA 0x95
0000            108   _DAC2CF1        DATA 0x96
0000            109   _DAC2H          DATA 0x8c
0000            110   _DAC2L          DATA 0x8b
0000            111   _DAC3CF0        DATA 0x9a
0000            112   _DAC3CF1        DATA 0x9c
0000            113   _DAC3H          DATA 0x8e
0000            114   _DAC3L          DATA 0x8d
0000            115   _DACGCF0        DATA 0x88
0000            116   _DACGCF1        DATA 0x98
0000            117   _DACGCF2        DATA 0xa2
0000            118   _DERIVID        DATA 0xad
0000            119   _DEVICEID       DATA 0xb5
0000            120   _DPH            DATA 0x83
0000            121   _DPL            DATA 0x82
0000            122   _EIE1           DATA 0xe6
0000            123   _EIE2           DATA 0xf3
0000            124   _EIP1           DATA 0xbb
0000            125   _EIP1H          DATA 0xee
0000            126   _EIP2           DATA 0xed
0000            127   _EIP2H          DATA 0xf6
0000            128   _EMI0CN         DATA 0xe7
0000            129   _FLKEY          DATA 0xb7
0000            130   _HFO0CAL        DATA 0xc7
0000            131   _HFO1CAL        DATA 0xd6
0000            132   _HFOCN          DATA 0xef
0000            133   _I2C0ADM        DATA 0xff
0000            134   _I2C0CN0        DATA 0xba
0000            135   _I2C0DIN        DATA 0xbc
0000            136   _I2C0DOUT       DATA 0xbb
0000            137   _I2C0FCN0       DATA 0xad
0000            138   _I2C0FCN1       DATA 0xab
0000            139   _I2C0FCT        DATA 0xf5
0000            140   _I2C0SLAD       DATA 0xbd
0000            141   _I2C0STAT       DATA 0xb9
0000            142   _IE             DATA 0xa8
0000            143   _IP             DATA 0xb8
0000            144   _IPH            DATA 0xf2
0000            145   _IT01CF         DATA 0xe4
0000            146   _LFO0CN         DATA 0xb1
0000            147   _P0             DATA 0x80
0000            148   _P0MASK         DATA 0xfe
0000            149   _P0MAT          DATA 0xfd
0000            150   _P0MDIN         DATA 0xf1
0000            151   _P0MDOUT        DATA 0xa4
0000            152   _P0SKIP         DATA 0xd4
0000            153   _P1             DATA 0x90
0000            154   _P1MASK         DATA 0xee
0000            155   _P1MAT          DATA 0xed
0000            156   _P1MDIN         DATA 0xf2
0000            157   _P1MDOUT        DATA 0xa5
0000            158   _P1SKIP         DATA 0xd5
0000            159   _P2             DATA 0xa0
0000            160   _P2MASK         DATA 0xfc
0000            161   _P2MAT          DATA 0xfb
0000            162   _P2MDIN         DATA 0xf3
0000            163   _P2MDOUT        DATA 0xa6
0000            164   _P2SKIP         DATA 0xcc
0000            165   _P3             DATA 0xb0
0000            166   _P3MDIN         DATA 0xf4
0000            167   _P3MDOUT        DATA 0x9c
0000            168   _PCA0CENT       DATA 0x9e
0000            169   _PCA0CLR        DATA 0x9c
0000            170   _PCA0CN0        DATA 0xd8
0000            171   _PCA0CPH0       DATA 0xfc
0000            172   _PCA0CPH1       DATA 0xea
0000            173   _PCA0CPH2       DATA 0xec
0000            174   _PCA0CPH3       DATA 0xf5
0000            175   _PCA0CPH4       DATA 0x85
0000            176   _PCA0CPH5       DATA 0xde
0000            177   _PCA0CPL0       DATA 0xfb
0000            178   _PCA0CPL1       DATA 0xe9
0000            179   _PCA0CPL2       DATA 0xeb
0000            180   _PCA0CPL3       DATA 0xf4
0000            181   _PCA0CPL4       DATA 0x84
0000            182   _PCA0CPL5       DATA 0xdd
0000            183   _PCA0CPM0       DATA 0xda
0000            184   _PCA0CPM1       DATA 0xdb
0000            185   _PCA0CPM2       DATA 0xdc
0000            186   _PCA0CPM3       DATA 0xae
0000            187   _PCA0CPM4       DATA 0xaf
0000            188   _PCA0CPM5       DATA 0xcc
0000            189   _PCA0H          DATA 0xfa
0000            190   _PCA0L          DATA 0xf9
0000            191   _PCA0MD         DATA 0xd9
0000            192   _PCA0POL        DATA 0x96
0000            193   _PCA0PWM        DATA 0xf7
0000            194   _PCON0          DATA 0x87
0000            195   _PCON1          DATA 0xcd
0000            196   _PFE0CN         DATA 0xc1
0000            197   _PRTDRV         DATA 0xf6
0000            198   _PSCTL          DATA 0x8f
0000            199   _PSTAT0         DATA 0xaa
0000            200   _PSW            DATA 0xd0
0000            201   _REF0CN         DATA 0xd1
0000            202   _REG0CN         DATA 0xc9
0000            203   _REVID          DATA 0xb6
0000            204   _RSTSRC         DATA 0xef
0000            205   _SBCON1         DATA 0x94
0000            206   _SBRLH1         DATA 0x96
0000            207   _SBRLL1         DATA 0x95
0000            208   _SBUF           DATA 0x99
0000            209   _SBUF0          DATA 0x99
0000            210   _SBUF1          DATA 0x92
0000            211   _SCON           DATA 0x98
0000            212   _SCON0          DATA 0x98
0000            213   _SCON1          DATA 0xc8
0000            214   _SFRPAGE        DATA 0xa7
0000            215   _SFRPGCN        DATA 0xbc
0000            216   _SFRSTACK       DATA 0xd7
0000            217   _SMB0ADM        DATA 0xd6
0000            218   _SMB0ADR        DATA 0xd7
0000            219   _SMB0CF         DATA 0xc1
0000            220   _SMB0CN0        DATA 0xc0
0000            221   _SMB0DAT        DATA 0xc2
0000            222   _SMB0FCN0       DATA 0xc3
0000            223   _SMB0FCN1       DATA 0xc4
0000            224   _SMB0FCT        DATA 0xef
0000            225   _SMB0RXLN       DATA 0xc5
0000            226   _SMB0TC         DATA 0xac
0000            227   _SMOD1          DATA 0x93
0000            228   _SP             DATA 0x81
0000            229   _SPI0CFG        DATA 0xa1
0000            230   _SPI0CKR        DATA 0xa2
0000            231   _SPI0CN0        DATA 0xf8
0000            232   _SPI0DAT        DATA 0xa3
0000            233   _SPI0FCN0       DATA 0x9a
0000            234   _SPI0FCN1       DATA 0x9b
0000            235   _SPI0FCT        DATA 0xf7
0000            236   _SPI0PCF        DATA 0xdf
0000            237   _TCON           DATA 0x88
0000            238   _TH0            DATA 0x8c
0000            239   _TH1            DATA 0x8d
0000            240   _TL0            DATA 0x8a
0000            241   _TL1            DATA 0x8b
0000            242   _TMOD           DATA 0x89
0000            243   _TMR2CN0        DATA 0xc8
0000            244   _TMR2CN1        DATA 0xfd
0000            245   _TMR2H          DATA 0xcf
0000            246   _TMR2L          DATA 0xce
0000            247   _TMR2RLH        DATA 0xcb
0000            248   _TMR2RLL        DATA 0xca
0000            249   _TMR3CN0        DATA 0x91
0000            250   _TMR3CN1        DATA 0xfe
0000            251   _TMR3H          DATA 0x95
0000            252   _TMR3L          DATA 0x94
0000            253   _TMR3RLH        DATA 0x93
0000            254   _TMR3RLL        DATA 0x92
0000            255   _TMR4CN0        DATA 0x98
0000            256   _TMR4CN1        DATA 0xff
0000            257   _TMR4H          DATA 0xa5
0000            258   _TMR4L          DATA 0xa4
0000            259   _TMR4RLH        DATA 0xa3
0000            260   _TMR4RLL        DATA 0xa2
0000            261   _TMR5CN0        DATA 0xc0
0000            262   _TMR5CN1        DATA 0xf1
0000            263   _TMR5H          DATA 0xd5
0000            264   _TMR5L          DATA 0xd4
0000            265   _TMR5RLH        DATA 0xd3
0000            266   _TMR5RLL        DATA 0xd2
0000            267   _UART0PCF       DATA 0xd9
0000            268   _UART1FCN0      DATA 0x9d
0000            269   _UART1FCN1      DATA 0xd8
0000            270   _UART1FCT       DATA 0xfa
0000            271   _UART1LIN       DATA 0x9e
0000            272   _UART1PCF       DATA 0xda
0000            273   _VDM0CN         DATA 0xff
0000            274   _WDTCN          DATA 0x97
0000            275   _XBR0           DATA 0xe1
0000            276   _XBR1           DATA 0xe2
0000            277   _XBR2           DATA 0xe3
0000            278   _XOSC0CN        DATA 0x86
0000            279   _DPTR           DATA 0x8382
0000            280   _TMR2RL         DATA 0xcbca
0000            281   _TMR3RL         DATA 0x9392
0000            282   _TMR4RL         DATA 0xa3a2
0000            283   _TMR5RL         DATA 0xd3d2
0000            284   _TMR0           DATA 0x8c8a
0000            285   _TMR1           DATA 0x8d8b
0000            286   _TMR2           DATA 0xcfce
0000            287   _TMR3           DATA 0x9594
0000            288   _TMR4           DATA 0xa5a4
0000            289   _TMR5           DATA 0xd5d4
0000            290   _SBRL1          DATA 0x9695
0000            291   _PCA0           DATA 0xfaf9
0000            292   _PCA0CP0        DATA 0xfcfb
0000            293   _PCA0CP1        DATA 0xeae9
0000            294   _PCA0CP2        DATA 0xeceb
0000            295   _PCA0CP3        DATA 0xf5f4
0000            296   _PCA0CP4        DATA 0x8584
0000            297   _PCA0CP5        DATA 0xdedd
0000            298   _ADC0ASA        DATA 0xb6b5
0000            299   _ADC0GT         DATA 0xc4c3
0000            300   _ADC0           DATA 0xbebd
0000            301   _ADC0LT         DATA 0xc6c5
0000            302   _DAC0           DATA 0x8584
0000            303   _DAC1           DATA 0x8a89
0000            304   _DAC2           DATA 0x8c8b
0000            305   _DAC3           DATA 0x8e8d
0000            306   ;--------------------------------------------------------
0000            307   ; special function bits
0000            308   ;--------------------------------------------------------
0000            309   _ACC_0          BIT 0xe0
0000            310   _ACC_1          BIT 0xe1
0000            311   _ACC_2          BIT 0xe2
0000            312   _ACC_3          BIT 0xe3
0000            313   _ACC_4          BIT 0xe4
0000            314   _ACC_5          BIT 0xe5
0000            315   _ACC_6          BIT 0xe6
0000            316   _ACC_7          BIT 0xe7
0000            317   _TEMPE          BIT 0xe8
0000            318   _ADGN0          BIT 0xe9
0000            319   _ADGN1          BIT 0xea
0000            320   _ADWINT         BIT 0xeb
0000            321   _ADBUSY         BIT 0xec
0000            322   _ADINT          BIT 0xed
0000            323   _IPOEN          BIT 0xee
0000            324   _ADEN           BIT 0xef
0000            325   _B_0            BIT 0xf0
0000            326   _B_1            BIT 0xf1
0000            327   _B_2            BIT 0xf2
0000            328   _B_3            BIT 0xf3
0000            329   _B_4            BIT 0xf4
0000            330   _B_5            BIT 0xf5
0000            331   _B_6            BIT 0xf6
0000            332   _B_7            BIT 0xf7
0000            333   _C0FIF          BIT 0xe8
0000            334   _C0RIF          BIT 0xe9
0000            335   _C1FIF          BIT 0xea
0000            336   _C1RIF          BIT 0xeb
0000            337   _C2FIF          BIT 0xec
0000            338   _C2RIF          BIT 0xed
0000            339   _C3FIF          BIT 0xee
0000            340   _C3RIF          BIT 0xef
0000            341   _D1SRC0         BIT 0x88
0000            342   _D1SRC1         BIT 0x89
0000            343   _D1AMEN         BIT 0x8a
0000            344   _D01REFSL       BIT 0x8b
0000            345   _D3SRC0         BIT 0x8c
0000            346   _D3SRC1         BIT 0x8d
0000            347   _D3AMEN         BIT 0x8e
0000            348   _D23REFSL       BIT 0x8f
0000            349   _D0UDIS         BIT 0x98
0000            350   _D1UDIS         BIT 0x99
0000            351   _D2UDIS         BIT 0x9a
0000            352   _D3UDIS         BIT 0x9b
0000            353   _EX0            BIT 0xa8
0000            354   _ET0            BIT 0xa9
0000            355   _EX1            BIT 0xaa
0000            356   _ET1            BIT 0xab
0000            357   _ES0            BIT 0xac
0000            358   _ET2            BIT 0xad
0000            359   _ESPI0          BIT 0xae
0000            360   _EA             BIT 0xaf
0000            361   _PX0            BIT 0xb8
0000            362   _PT0            BIT 0xb9
0000            363   _PX1            BIT 0xba
0000            364   _PT1            BIT 0xbb
0000            365   _PS0            BIT 0xbc
0000            366   _PT2            BIT 0xbd
0000            367   _PSPI0          BIT 0xbe
0000            368   _P0_0           BIT 0x80
0000            369   _P0_1           BIT 0x81
0000            370   _P0_2           BIT 0x82
0000            371   _P0_3           BIT 0x83
0000            372   _P0_4           BIT 0x84
0000            373   _P0_5           BIT 0x85
0000            374   _P0_6           BIT 0x86
0000            375   _P0_7           BIT 0x87
0000            376   _P1_0           BIT 0x90
0000            377   _P1_1           BIT 0x91
0000            378   _P1_2           BIT 0x92
0000            379   _P1_3           BIT 0x93
0000            380   _P1_4           BIT 0x94
0000            381   _P1_5           BIT 0x95
0000            382   _P1_6           BIT 0x96
0000            383   _P1_7           BIT 0x97
0000            384   _P2_0           BIT 0xa0
0000            385   _P2_1           BIT 0xa1
0000            386   _P2_2           BIT 0xa2
0000            387   _P2_3           BIT 0xa3
0000            388   _P2_4           BIT 0xa4
0000            389   _P2_5           BIT 0xa5
0000            390   _P2_6           BIT 0xa6
0000            391   _P3_0           BIT 0xb0
0000            392   _P3_1           BIT 0xb1
0000            393   _P3_2           BIT 0xb2
0000            394   _P3_3           BIT 0xb3
0000            395   _P3_4           BIT 0xb4
0000            396   _P3_7           BIT 0xb7
0000            397   _CCF0           BIT 0xd8
0000            398   _CCF1           BIT 0xd9
0000            399   _CCF2           BIT 0xda
0000            400   _CCF3           BIT 0xdb
0000            401   _CCF4           BIT 0xdc
0000            402   _CCF5           BIT 0xdd
0000            403   _CR             BIT 0xde
0000            404   _CF             BIT 0xdf
0000            405   _PARITY         BIT 0xd0
0000            406   _F1             BIT 0xd1
0000            407   _OV             BIT 0xd2
0000            408   _RS0            BIT 0xd3
0000            409   _RS1            BIT 0xd4
0000            410   _F0             BIT 0xd5
0000            411   _AC             BIT 0xd6
0000            412   _CY             BIT 0xd7
0000            413   _RI             BIT 0x98
0000            414   _TI             BIT 0x99
0000            415   _RB8            BIT 0x9a
0000            416   _TB8            BIT 0x9b
0000            417   _REN            BIT 0x9c
0000            418   _CE             BIT 0x9d
0000            419   _SMODE          BIT 0x9e
0000            420   _RI1            BIT 0xc8
0000            421   _TI1            BIT 0xc9
0000            422   _RBX1           BIT 0xca
0000            423   _TBX1           BIT 0xcb
0000            424   _REN1           BIT 0xcc
0000            425   _PERR1          BIT 0xcd
0000            426   _OVR1           BIT 0xce
0000            427   _SI             BIT 0xc0
0000            428   _ACK            BIT 0xc1
0000            429   _ARBLOST        BIT 0xc2
0000            430   _ACKRQ          BIT 0xc3
0000            431   _STO            BIT 0xc4
0000            432   _STA            BIT 0xc5
0000            433   _TXMODE         BIT 0xc6
0000            434   _MASTER         BIT 0xc7
0000            435   _SPIEN          BIT 0xf8
0000            436   _TXNF           BIT 0xf9
0000            437   _NSSMD0         BIT 0xfa
0000            438   _NSSMD1         BIT 0xfb
0000            439   _RXOVRN         BIT 0xfc
0000            440   _MODF           BIT 0xfd
0000            441   _WCOL           BIT 0xfe
0000            442   _SPIF           BIT 0xff
0000            443   _IT0            BIT 0x88
0000            444   _IE0            BIT 0x89
0000            445   _IT1            BIT 0x8a
0000            446   _IE1            BIT 0x8b
0000            447   _TR0            BIT 0x8c
0000            448   _TF0            BIT 0x8d
0000            449   _TR1            BIT 0x8e
0000            450   _TF1            BIT 0x8f
0000            451   _T2XCLK0        BIT 0xc8
0000            452   _T2XCLK1        BIT 0xc9
0000            453   _TR2            BIT 0xca
0000            454   _T2SPLIT        BIT 0xcb
0000            455   _TF2CEN         BIT 0xcc
0000            456   _TF2LEN         BIT 0xcd
0000            457   _TF2L           BIT 0xce
0000            458   _TF2H           BIT 0xcf
0000            459   _T4XCLK0        BIT 0x98
0000            460   _T4XCLK1        BIT 0x99
0000            461   _TR4            BIT 0x9a
0000            462   _T4SPLIT        BIT 0x9b
0000            463   _TF4CEN         BIT 0x9c
0000            464   _TF4LEN         BIT 0x9d
0000            465   _TF4L           BIT 0x9e
0000            466   _TF4H           BIT 0x9f
0000            467   _T5XCLK0        BIT 0xc0
0000            468   _T5XCLK1        BIT 0xc1
0000            469   _TR5            BIT 0xc2
0000            470   _T5SPLIT        BIT 0xc3
0000            471   _TF5CEN         BIT 0xc4
0000            472   _TF5LEN         BIT 0xc5
0000            473   _TF5L           BIT 0xc6
0000            474   _TF5H           BIT 0xc7
0000            475   _RIE            BIT 0xd8
0000            476   _RXTO0          BIT 0xd9
0000            477   _RXTO1          BIT 0xda
0000            478   _RFRQ           BIT 0xdb
0000            479   _TIE            BIT 0xdc
0000            480   _TXHOLD         BIT 0xdd
0000            481   _TXNF1          BIT 0xde
0000            482   _TFRQ           BIT 0xdf
0000            483   ;--------------------------------------------------------
0000            484   ; overlayable register banks
0000            485   ;--------------------------------------------------------
0000            486            rbank0 segment data overlay
0000            487   ;--------------------------------------------------------
0000            488   ; internal ram data
0000            489   ;--------------------------------------------------------
0000            490            rseg R_DSEG
0000            491   _overflow_count:
0000            492            ds 1
0001            493   _LCDprint_PARM_2:
0001            494            ds 1
0002            495   _getsn_PARM_2:
0002            496            ds 2
0004            497   _getsn_buff_1_45:
0004            498            ds 3
0007            499   _getsn_sloc0_1_0:
0007            500            ds 2
0009            501   _main_printcap_1_51:
0009            502            ds 16
0019            503   ;--------------------------------------------------------
0019            504   ; overlayable items in internal ram 
0019            505   ;--------------------------------------------------------
0000            506            rseg    R_OSEG
0000            507   ;--------------------------------------------------------
0000            508   ; indirectly addressable internal ram data
0000            509   ;--------------------------------------------------------
0000            510            rseg R_ISEG
0000            511   ;--------------------------------------------------------
0000            512   ; absolute internal ram data
0000            513   ;--------------------------------------------------------
0000            514            DSEG
0000            515   ;--------------------------------------------------------
0000            516   ; bit data
0000            517   ;--------------------------------------------------------
0000            518            rseg R_BSEG
0000            519   _LCDprint_PARM_3:
0000            520            DBIT    1
0001            521   ;--------------------------------------------------------
0001            522   ; paged external ram data
0001            523   ;--------------------------------------------------------
0000            524            rseg R_PSEG
0000            525   ;--------------------------------------------------------
0000            526   ; external ram data
0000            527   ;--------------------------------------------------------
0000            528            rseg R_XSEG
0000            529   ;--------------------------------------------------------
0000            530   ; absolute external ram data
0000            531   ;--------------------------------------------------------
0000            532            XSEG
0000            533   ;--------------------------------------------------------
0000            534   ; external initialized ram data
0000            535   ;--------------------------------------------------------
0000            536            rseg R_IXSEG
0000            537            rseg R_HOME
0000            538            rseg R_GSINIT
0000            539            rseg R_CSEG
0000            540   ;--------------------------------------------------------
0000            541   ; Reset entry point and interrupt vectors
0000            542   ;--------------------------------------------------------
0000            543            CSEG at 0x0000
0000 020100     544            ljmp    _crt0
0003            545   ;--------------------------------------------------------
0003            546   ; global & static initialisations
0003            547   ;--------------------------------------------------------
0000            548            rseg R_HOME
0000            549            rseg R_GSINIT
0000            550            rseg R_GSINIT
0000            551   ;--------------------------------------------------------
0000            552   ; data variables initialization
0000            553   ;--------------------------------------------------------
0000            554            rseg R_DINIT
0000            555            ; The linker places a 'ret' at the end of segment R_DINIT.
0000            556   ;--------------------------------------------------------
0000            557   ; code
0000            558   ;--------------------------------------------------------
0000            559            rseg R_CSEG
0000            560   ;------------------------------------------------------------
0000            561   ;Allocation info for local variables in function '_c51_external_startup'
0000            562   ;------------------------------------------------------------
0000            563   ;------------------------------------------------------------
0000            564   ;        C:\Users\K\Desktop\courses\3rd Year term2\ELEC291\lab4\Submit\lab4.c:26: char _c51_external_startup (void)
0000            565   ;        -----------------------------------------
0000            566   ;         function _c51_external_startup
0000            567   ;        -----------------------------------------
0000            568   __c51_external_startup:
0000            569            using   0
0000            570   ;        C:\Users\K\Desktop\courses\3rd Year term2\ELEC291\lab4\Submit\lab4.c:29: SFRPAGE = 0x00;
0000 75A700     571            mov     _SFRPAGE,#0x00
0003            572   ;        C:\Users\K\Desktop\courses\3rd Year term2\ELEC291\lab4\Submit\lab4.c:30: WDTCN = 0xDE; //First key
0003 7597DE     573            mov     _WDTCN,#0xDE
0006            574   ;        C:\Users\K\Desktop\courses\3rd Year term2\ELEC291\lab4\Submit\lab4.c:31: WDTCN = 0xAD; //Second key
0006 7597AD     575            mov     _WDTCN,#0xAD
0009            576   ;        C:\Users\K\Desktop\courses\3rd Year term2\ELEC291\lab4\Submit\lab4.c:33: VDM0CN |= 0x80;
0009 43FF80     577            orl     _VDM0CN,#0x80
000C            578   ;        C:\Users\K\Desktop\courses\3rd Year term2\ELEC291\lab4\Submit\lab4.c:34: RSTSRC = 0x02;
000C 75EF02     579            mov     _RSTSRC,#0x02
000F            580   ;        C:\Users\K\Desktop\courses\3rd Year term2\ELEC291\lab4\Submit\lab4.c:41: SFRPAGE = 0x10;
000F 75A710     581            mov     _SFRPAGE,#0x10
0012            582   ;        C:\Users\K\Desktop\courses\3rd Year term2\ELEC291\lab4\Submit\lab4.c:42: PFE0CN  = 0x20; // SYSCLK < 75 MHz.
0012 75C120     583            mov     _PFE0CN,#0x20
0015            584   ;        C:\Users\K\Desktop\courses\3rd Year term2\ELEC291\lab4\Submit\lab4.c:43: SFRPAGE = 0x00;
0015 75A700     585            mov     _SFRPAGE,#0x00
0018            586   ;        C:\Users\K\Desktop\courses\3rd Year term2\ELEC291\lab4\Submit\lab4.c:64: CLKSEL = 0x00;
0018 75A900     587            mov     _CLKSEL,#0x00
001B            588   ;        C:\Users\K\Desktop\courses\3rd Year term2\ELEC291\lab4\Submit\lab4.c:65: CLKSEL = 0x00;
001B 75A900     589            mov     _CLKSEL,#0x00
001E            590   ;        C:\Users\K\Desktop\courses\3rd Year term2\ELEC291\lab4\Submit\lab4.c:66: while ((CLKSEL & 0x80) == 0);
001E            591   L002001?:
001E E5A9       592            mov     a,_CLKSEL
0020 30E770     593            jnb     acc.7,L002001?
0023            594   ;        C:\Users\K\Desktop\courses\3rd Year term2\ELEC291\lab4\Submit\lab4.c:67: CLKSEL = 0x03;
0023 75A903     595            mov     _CLKSEL,#0x03
0026            596   ;        C:\Users\K\Desktop\courses\3rd Year term2\ELEC291\lab4\Submit\lab4.c:68: CLKSEL = 0x03;
0026 75A903     597            mov     _CLKSEL,#0x03
0029            598   ;        C:\Users\K\Desktop\courses\3rd Year term2\ELEC291\lab4\Submit\lab4.c:69: while ((CLKSEL & 0x80) == 0);
0029            599   L002004?:
0029 E5A9       600            mov     a,_CLKSEL
002B 30E7F0     601            jnb     acc.7,L002004?
002E            602   ;        C:\Users\K\Desktop\courses\3rd Year term2\ELEC291\lab4\Submit\lab4.c:74: P0MDOUT |= 0x10; // Enable UART0 TX as push-pull output
002E 43A410     603            orl     _P0MDOUT,#0x10
0031            604   ;        C:\Users\K\Desktop\courses\3rd Year term2\ELEC291\lab4\Submit\lab4.c:75: XBR0     = 0x01; // Enable UART0 on P0.4(TX) and P0.5(RX)                     
0031 75E101     605            mov     _XBR0,#0x01
0034            606   ;        C:\Users\K\Desktop\courses\3rd Year term2\ELEC291\lab4\Submit\lab4.c:76: XBR1     = 0X00;
0034 75E200     607            mov     _XBR1,#0x00
0037            608   ;        C:\Users\K\Desktop\courses\3rd Year term2\ELEC291\lab4\Submit\lab4.c:77: XBR2     = 0x40; // Enable crossbar and weak pull-ups
0037 75E340     609            mov     _XBR2,#0x40
003A            610   ;        C:\Users\K\Desktop\courses\3rd Year term2\ELEC291\lab4\Submit\lab4.c:83: SCON0 = 0x10;
003A 759810     611            mov     _SCON0,#0x10
003D            612   ;        C:\Users\K\Desktop\courses\3rd Year term2\ELEC291\lab4\Submit\lab4.c:84: CKCON0 |= 0b_0000_0000 ; // Timer 1 uses the system clock divided by 12.
003D 858E8E     613            mov     _CKCON0,_CKCON0
0040            614   ;        C:\Users\K\Desktop\courses\3rd Year term2\ELEC291\lab4\Submit\lab4.c:85: TH1 = 0x100-((SYSCLK/BAUDRATE)/(2L*12L));
0040 758DE6     615            mov     _TH1,#0xE6
0043            616   ;        C:\Users\K\Desktop\courses\3rd Year term2\ELEC291\lab4\Submit\lab4.c:86: TL1 = TH1;      // Init Timer1
0043 858D8B     617            mov     _TL1,_TH1
0046            618   ;        C:\Users\K\Desktop\courses\3rd Year term2\ELEC291\lab4\Submit\lab4.c:87: TMOD &= ~0xf0;  // TMOD: timer 1 in 8-bit auto-reload
0046 53890F     619            anl     _TMOD,#0x0F
0049            620   ;        C:\Users\K\Desktop\courses\3rd Year term2\ELEC291\lab4\Submit\lab4.c:88: TMOD |=  0x20;                       
0049 438920     621            orl     _TMOD,#0x20
004C            622   ;        C:\Users\K\Desktop\courses\3rd Year term2\ELEC291\lab4\Submit\lab4.c:89: TR1 = 1; // START Timer1
004C D28E       623            setb    _TR1
004E            624   ;        C:\Users\K\Desktop\courses\3rd Year term2\ELEC291\lab4\Submit\lab4.c:90: TI = 1;  // Indicate TX0 ready
004E D299       625            setb    _TI
0050            626   ;        C:\Users\K\Desktop\courses\3rd Year term2\ELEC291\lab4\Submit\lab4.c:92: return 0;
0050 758200     627            mov     dpl,#0x00
0053 22         628            ret
0054            629   ;------------------------------------------------------------
0054            630   ;Allocation info for local variables in function 'Timer3us'
0054            631   ;------------------------------------------------------------
0054            632   ;us                        Allocated to registers r2 
0054            633   ;i                         Allocated to registers r3 
0054            634   ;------------------------------------------------------------
0054            635   ;        C:\Users\K\Desktop\courses\3rd Year term2\ELEC291\lab4\Submit\lab4.c:96: void Timer3us(unsigned char us)
0054            636   ;        -----------------------------------------
0054            637   ;         function Timer3us
0054            638   ;        -----------------------------------------
0054            639   _Timer3us:
0054 AA82       640            mov     r2,dpl
0056            641   ;        C:\Users\K\Desktop\courses\3rd Year term2\ELEC291\lab4\Submit\lab4.c:101: CKCON0|=0b_0100_0000;
0056 438E40     642            orl     _CKCON0,#0x40
0059            643   ;        C:\Users\K\Desktop\courses\3rd Year term2\ELEC291\lab4\Submit\lab4.c:103: TMR3RL = (-(SYSCLK)/1000000L); // Set Timer3 to overflow in 1us.
0059 7592B8     644            mov     _TMR3RL,#0xB8
005C 7593FF     645            mov     (_TMR3RL >> 8),#0xFF
005F            646   ;        C:\Users\K\Desktop\courses\3rd Year term2\ELEC291\lab4\Submit\lab4.c:104: TMR3 = TMR3RL;                 // Initialize Timer3 for first overflow
005F 859294     647            mov     _TMR3,_TMR3RL
0062 859395     648            mov     (_TMR3 >> 8),(_TMR3RL >> 8)
0065            649   ;        C:\Users\K\Desktop\courses\3rd Year term2\ELEC291\lab4\Submit\lab4.c:106: TMR3CN0 = 0x04;                 // Sart Timer3 and clear overflow flag
0065 759104     650            mov     _TMR3CN0,#0x04
0068            651   ;        C:\Users\K\Desktop\courses\3rd Year term2\ELEC291\lab4\Submit\lab4.c:107: for (i = 0; i < us; i++)       // Count <us> overflows
0068 7B00       652            mov     r3,#0x00
006A            653   L003004?:
006A C3         654            clr     c
006B EB         655            mov     a,r3
006C 9A         656            subb    a,r2
006D 5001       657            jnc     L003007?
006F            658   ;        C:\Users\K\Desktop\courses\3rd Year term2\ELEC291\lab4\Submit\lab4.c:109: while (!(TMR3CN0 & 0x80));  // Wait for overflow
006F            659   L003001?:
006F E591       660            mov     a,_TMR3CN0
0071 30E7F0     661            jnb     acc.7,L003001?
0074            662   ;        C:\Users\K\Desktop\courses\3rd Year term2\ELEC291\lab4\Submit\lab4.c:110: TMR3CN0 &= ~(0x80);         // Clear overflow indicator
0074 53917F     663            anl     _TMR3CN0,#0x7F
0077            664   ;        C:\Users\K\Desktop\courses\3rd Year term2\ELEC291\lab4\Submit\lab4.c:107: for (i = 0; i < us; i++)       // Count <us> overflows
0077 0B         665            inc     r3
0078 8001       666            sjmp    L003004?
007A            667   L003007?:
007A            668   ;        C:\Users\K\Desktop\courses\3rd Year term2\ELEC291\lab4\Submit\lab4.c:112: TMR3CN0 = 0 ;                   // Stop Timer3 and clear overflow flag
007A 759100     669            mov     _TMR3CN0,#0x00
007D 22         670            ret
007E            671   ;------------------------------------------------------------
007E            672   ;Allocation info for local variables in function 'waitms'
007E            673   ;------------------------------------------------------------
007E            674   ;ms                        Allocated to registers r2 r3 
007E            675   ;j                         Allocated to registers r2 r3 
007E            676   ;------------------------------------------------------------
007E            677   ;        C:\Users\K\Desktop\courses\3rd Year term2\ELEC291\lab4\Submit\lab4.c:115: void waitms (unsigned int ms)
007E            678   ;        -----------------------------------------
007E            679   ;         function waitms
007E            680   ;        -----------------------------------------
007E            681   _waitms:
007E AA82       682            mov     r2,dpl
0080 AB83       683            mov     r3,dph
0082            684   ;        C:\Users\K\Desktop\courses\3rd Year term2\ELEC291\lab4\Submit\lab4.c:118: for(j=ms; j!=0; j--)
0082            685   L004001?:
0082 BA00B0     686            cjne    r2,#0x00,L004010?
0085 BB00B0     687            cjne    r3,#0x00,L004010?
0088 22         688            ret
0089            689   L004010?:
0089            690   ;        C:\Users\K\Desktop\courses\3rd Year term2\ELEC291\lab4\Submit\lab4.c:120: Timer3us(249);
0089 7582F9     691            mov     dpl,#0xF9
008C C002       692            push    ar2
008E C003       693            push    ar3
0090 120100     694            lcall   _Timer3us
0093            695   ;        C:\Users\K\Desktop\courses\3rd Year term2\ELEC291\lab4\Submit\lab4.c:121: Timer3us(249);
0093 7582F9     696            mov     dpl,#0xF9
0096 120100     697            lcall   _Timer3us
0099            698   ;        C:\Users\K\Desktop\courses\3rd Year term2\ELEC291\lab4\Submit\lab4.c:122: Timer3us(249);
0099 7582F9     699            mov     dpl,#0xF9
009C 120100     700            lcall   _Timer3us
009F            701   ;        C:\Users\K\Desktop\courses\3rd Year term2\ELEC291\lab4\Submit\lab4.c:123: Timer3us(250);
009F 7582FA     702            mov     dpl,#0xFA
00A2 120100     703            lcall   _Timer3us
00A5 D003       704            pop     ar3
00A7 D002       705            pop     ar2
00A9            706   ;        C:\Users\K\Desktop\courses\3rd Year term2\ELEC291\lab4\Submit\lab4.c:118: for(j=ms; j!=0; j--)
00A9 1A         707            dec     r2
00AA BAFFF0     708            cjne    r2,#0xff,L004011?
00AD 1B         709            dec     r3
00AE            710   L004011?:
00AE 8001       711            sjmp    L004001?
00B0            712   ;------------------------------------------------------------
00B0            713   ;Allocation info for local variables in function 'TIMER0_Init'
00B0            714   ;------------------------------------------------------------
00B0            715   ;------------------------------------------------------------
00B0            716   ;        C:\Users\K\Desktop\courses\3rd Year term2\ELEC291\lab4\Submit\lab4.c:127: void TIMER0_Init(void)
00B0            717   ;        -----------------------------------------
00B0            718   ;         function TIMER0_Init
00B0            719   ;        -----------------------------------------
00B0            720   _TIMER0_Init:
00B0            721   ;        C:\Users\K\Desktop\courses\3rd Year term2\ELEC291\lab4\Submit\lab4.c:129: TMOD&=0b_1111_0000; // Set the bits of Timer/Counter 0 to zero
00B0 5389F0     722            anl     _TMOD,#0xF0
00B3            723   ;        C:\Users\K\Desktop\courses\3rd Year term2\ELEC291\lab4\Submit\lab4.c:130: TMOD|=0b_0000_0001; // Timer/Counter 0 used as a 16-bit timer
00B3 438901     724            orl     _TMOD,#0x01
00B6            725   ;        C:\Users\K\Desktop\courses\3rd Year term2\ELEC291\lab4\Submit\lab4.c:131: TR0=0; // Stop Timer/Counter 0
00B6 C28C       726            clr     _TR0
00B8 22         727            ret
00B9            728   ;------------------------------------------------------------
00B9            729   ;Allocation info for local variables in function 'LCD_pulse'
00B9            730   ;------------------------------------------------------------
00B9            731   ;------------------------------------------------------------
00B9            732   ;        C:\Users\K\Desktop\courses\3rd Year term2\ELEC291\lab4\Submit\lab4.c:135: void LCD_pulse (void)
00B9            733   ;        -----------------------------------------
00B9            734   ;         function LCD_pulse
00B9            735   ;        -----------------------------------------
00B9            736   _LCD_pulse:
00B9            737   ;        C:\Users\K\Desktop\courses\3rd Year term2\ELEC291\lab4\Submit\lab4.c:137: LCD_E=1;
00B9 D2A5       738            setb    _P2_5
00BB            739   ;        C:\Users\K\Desktop\courses\3rd Year term2\ELEC291\lab4\Submit\lab4.c:138: Timer3us(40);
00BB 758228     740            mov     dpl,#0x28
00BE 120100     741            lcall   _Timer3us
00C1            742   ;        C:\Users\K\Desktop\courses\3rd Year term2\ELEC291\lab4\Submit\lab4.c:139: LCD_E=0;
00C1 C2A5       743            clr     _P2_5
00C3 22         744            ret
00C4            745   ;------------------------------------------------------------
00C4            746   ;Allocation info for local variables in function 'LCD_byte'
00C4            747   ;------------------------------------------------------------
00C4            748   ;x                         Allocated to registers r2 
00C4            749   ;------------------------------------------------------------
00C4            750   ;        C:\Users\K\Desktop\courses\3rd Year term2\ELEC291\lab4\Submit\lab4.c:142: void LCD_byte (unsigned char x)
00C4            751   ;        -----------------------------------------
00C4            752   ;         function LCD_byte
00C4            753   ;        -----------------------------------------
00C4            754   _LCD_byte:
00C4 AA82       755            mov     r2,dpl
00C6            756   ;        C:\Users\K\Desktop\courses\3rd Year term2\ELEC291\lab4\Submit\lab4.c:145: ACC=x; //Send high nible
00C6 8AE0       757            mov     _ACC,r2
00C8            758   ;        C:\Users\K\Desktop\courses\3rd Year term2\ELEC291\lab4\Submit\lab4.c:146: LCD_D7=ACC_7;
00C8 A2E7       759            mov     c,_ACC_7
00CA 92A1       760            mov     _P2_1,c
00CC            761   ;        C:\Users\K\Desktop\courses\3rd Year term2\ELEC291\lab4\Submit\lab4.c:147: LCD_D6=ACC_6;
00CC A2E6       762            mov     c,_ACC_6
00CE 92A2       763            mov     _P2_2,c
00D0            764   ;        C:\Users\K\Desktop\courses\3rd Year term2\ELEC291\lab4\Submit\lab4.c:148: LCD_D5=ACC_5;
00D0 A2E5       765            mov     c,_ACC_5
00D2 92A3       766            mov     _P2_3,c
00D4            767   ;        C:\Users\K\Desktop\courses\3rd Year term2\ELEC291\lab4\Submit\lab4.c:149: LCD_D4=ACC_4;
00D4 A2E4       768            mov     c,_ACC_4
00D6 92A4       769            mov     _P2_4,c
00D8            770   ;        C:\Users\K\Desktop\courses\3rd Year term2\ELEC291\lab4\Submit\lab4.c:150: LCD_pulse();
00D8 C002       771            push    ar2
00DA 120100     772            lcall   _LCD_pulse
00DD            773   ;        C:\Users\K\Desktop\courses\3rd Year term2\ELEC291\lab4\Submit\lab4.c:151: Timer3us(40);
00DD 758228     774            mov     dpl,#0x28
00E0 120100     775            lcall   _Timer3us
00E3 D002       776            pop     ar2
00E5            777   ;        C:\Users\K\Desktop\courses\3rd Year term2\ELEC291\lab4\Submit\lab4.c:152: ACC=x; //Send low nible
00E5 8AE0       778            mov     _ACC,r2
00E7            779   ;        C:\Users\K\Desktop\courses\3rd Year term2\ELEC291\lab4\Submit\lab4.c:153: LCD_D7=ACC_3;
00E7 A2E3       780            mov     c,_ACC_3
00E9 92A1       781            mov     _P2_1,c
00EB            782   ;        C:\Users\K\Desktop\courses\3rd Year term2\ELEC291\lab4\Submit\lab4.c:154: LCD_D6=ACC_2;
00EB A2E2       783            mov     c,_ACC_2
00ED 92A2       784            mov     _P2_2,c
00EF            785   ;        C:\Users\K\Desktop\courses\3rd Year term2\ELEC291\lab4\Submit\lab4.c:155: LCD_D5=ACC_1;
00EF A2E1       786            mov     c,_ACC_1
00F1 92A3       787            mov     _P2_3,c
00F3            788   ;        C:\Users\K\Desktop\courses\3rd Year term2\ELEC291\lab4\Submit\lab4.c:156: LCD_D4=ACC_0;
00F3 A2E0       789            mov     c,_ACC_0
00F5 92A4       790            mov     _P2_4,c
00F7            791   ;        C:\Users\K\Desktop\courses\3rd Year term2\ELEC291\lab4\Submit\lab4.c:157: LCD_pulse();
00F7 020100     792            ljmp    _LCD_pulse
00FA            793   ;------------------------------------------------------------
00FA            794   ;Allocation info for local variables in function 'WriteData'
00FA            795   ;------------------------------------------------------------
00FA            796   ;x                         Allocated to registers r2 
00FA            797   ;------------------------------------------------------------
00FA            798   ;        C:\Users\K\Desktop\courses\3rd Year term2\ELEC291\lab4\Submit\lab4.c:160: void WriteData (unsigned char x)
00FA            799   ;        -----------------------------------------
00FA            800   ;         function WriteData
00FA            801   ;        -----------------------------------------
00FA            802   _WriteData:
00FA AA82       803            mov     r2,dpl
00FC            804   ;        C:\Users\K\Desktop\courses\3rd Year term2\ELEC291\lab4\Submit\lab4.c:162: LCD_RS=1;
00FC D2A6       805            setb    _P2_6
00FE            806   ;        C:\Users\K\Desktop\courses\3rd Year term2\ELEC291\lab4\Submit\lab4.c:163: LCD_byte(x);
00FE 8A82       807            mov     dpl,r2
0100 120100     808            lcall   _LCD_byte
0103            809   ;        C:\Users\K\Desktop\courses\3rd Year term2\ELEC291\lab4\Submit\lab4.c:164: waitms(2);
0103 900002     810            mov     dptr,#0x0002
0106 020100     811            ljmp    _waitms
0109            812   ;------------------------------------------------------------
0109            813   ;Allocation info for local variables in function 'WriteCommand'
0109            814   ;------------------------------------------------------------
0109            815   ;x                         Allocated to registers r2 
0109            816   ;------------------------------------------------------------
0109            817   ;        C:\Users\K\Desktop\courses\3rd Year term2\ELEC291\lab4\Submit\lab4.c:167: void WriteCommand (unsigned char x)
0109            818   ;        -----------------------------------------
0109            819   ;         function WriteCommand
0109            820   ;        -----------------------------------------
0109            821   _WriteCommand:
0109 AA82       822            mov     r2,dpl
010B            823   ;        C:\Users\K\Desktop\courses\3rd Year term2\ELEC291\lab4\Submit\lab4.c:169: LCD_RS=0;
010B C2A6       824            clr     _P2_6
010D            825   ;        C:\Users\K\Desktop\courses\3rd Year term2\ELEC291\lab4\Submit\lab4.c:170: LCD_byte(x);
010D 8A82       826            mov     dpl,r2
010F 120100     827            lcall   _LCD_byte
0112            828   ;        C:\Users\K\Desktop\courses\3rd Year term2\ELEC291\lab4\Submit\lab4.c:171: waitms(5);
0112 900005     829            mov     dptr,#0x0005
0115 020100     830            ljmp    _waitms
0118            831   ;------------------------------------------------------------
0118            832   ;Allocation info for local variables in function 'LCD_4BIT'
0118            833   ;------------------------------------------------------------
0118            834   ;------------------------------------------------------------
0118            835   ;        C:\Users\K\Desktop\courses\3rd Year term2\ELEC291\lab4\Submit\lab4.c:174: void LCD_4BIT (void)
0118            836   ;        -----------------------------------------
0118            837   ;         function LCD_4BIT
0118            838   ;        -----------------------------------------
0118            839   _LCD_4BIT:
0118            840   ;        C:\Users\K\Desktop\courses\3rd Year term2\ELEC291\lab4\Submit\lab4.c:176: LCD_E=0; // Resting state of LCD's enable is zero
0118 C2A5       841            clr     _P2_5
011A            842   ;        C:\Users\K\Desktop\courses\3rd Year term2\ELEC291\lab4\Submit\lab4.c:178: waitms(20);
011A 900014     843            mov     dptr,#0x0014
011D 120100     844            lcall   _waitms
0120            845   ;        C:\Users\K\Desktop\courses\3rd Year term2\ELEC291\lab4\Submit\lab4.c:180: WriteCommand(0x33);
0120 758233     846            mov     dpl,#0x33
0123 120100     847            lcall   _WriteCommand
0126            848   ;        C:\Users\K\Desktop\courses\3rd Year term2\ELEC291\lab4\Submit\lab4.c:181: WriteCommand(0x33);
0126 758233     849            mov     dpl,#0x33
0129 120100     850            lcall   _WriteCommand
012C            851   ;        C:\Users\K\Desktop\courses\3rd Year term2\ELEC291\lab4\Submit\lab4.c:182: WriteCommand(0x32); // Change to 4-bit mode
012C 758232     852            mov     dpl,#0x32
012F 120100     853            lcall   _WriteCommand
0132            854   ;        C:\Users\K\Desktop\courses\3rd Year term2\ELEC291\lab4\Submit\lab4.c:185: WriteCommand(0x28);
0132 758228     855            mov     dpl,#0x28
0135 120100     856            lcall   _WriteCommand
0138            857   ;        C:\Users\K\Desktop\courses\3rd Year term2\ELEC291\lab4\Submit\lab4.c:186: WriteCommand(0x0c);
0138 75820C     858            mov     dpl,#0x0C
013B 120100     859            lcall   _WriteCommand
013E            860   ;        C:\Users\K\Desktop\courses\3rd Year term2\ELEC291\lab4\Submit\lab4.c:187: WriteCommand(0x01); // Clear screen command (takes some time)
013E 758201     861            mov     dpl,#0x01
0141 120100     862            lcall   _WriteCommand
0144            863   ;        C:\Users\K\Desktop\courses\3rd Year term2\ELEC291\lab4\Submit\lab4.c:188: waitms(20); // Wait for clear screen command to finsih.
0144 900014     864            mov     dptr,#0x0014
0147 020100     865            ljmp    _waitms
014A            866   ;------------------------------------------------------------
014A            867   ;Allocation info for local variables in function 'LCDprint'
014A            868   ;------------------------------------------------------------
014A            869   ;line                      Allocated with name '_LCDprint_PARM_2'
014A            870   ;string                    Allocated to registers r2 r3 r4 
014A            871   ;j                         Allocated to registers r5 r6 
014A            872   ;------------------------------------------------------------
014A            873   ;        C:\Users\K\Desktop\courses\3rd Year term2\ELEC291\lab4\Submit\lab4.c:191: void LCDprint(char * string, unsigned char line, bit clear)
014A            874   ;        -----------------------------------------
014A            875   ;         function LCDprint
014A            876   ;        -----------------------------------------
014A            877   _LCDprint:
014A AA82       878            mov     r2,dpl
014C AB83       879            mov     r3,dph
014E ACF0       880            mov     r4,b
0150            881   ;        C:\Users\K\Desktop\courses\3rd Year term2\ELEC291\lab4\Submit\lab4.c:195: WriteCommand(line==2?0xc0:0x80);
0150 7402       882            mov     a,#0x02
0152 B50070     883            cjne    a,_LCDprint_PARM_2,L011013?
0155 7DC0       884            mov     r5,#0xC0
0157 8001       885            sjmp    L011014?
0159            886   L011013?:
0159 7D80       887            mov     r5,#0x80
015B            888   L011014?:
015B 8D82       889            mov     dpl,r5
015D C002       890            push    ar2
015F C003       891            push    ar3
0161 C004       892            push    ar4
0163 120100     893            lcall   _WriteCommand
0166            894   ;        C:\Users\K\Desktop\courses\3rd Year term2\ELEC291\lab4\Submit\lab4.c:196: waitms(5);
0166 900005     895            mov     dptr,#0x0005
0169 120100     896            lcall   _waitms
016C D004       897            pop     ar4
016E D003       898            pop     ar3
0170 D002       899            pop     ar2
0172            900   ;        C:\Users\K\Desktop\courses\3rd Year term2\ELEC291\lab4\Submit\lab4.c:197: for(j=0; string[j]!=0; j++)   WriteData(string[j]);// Write the message
0172 7D00       901            mov     r5,#0x00
0174 7E00       902            mov     r6,#0x00
0176            903   L011003?:
0176 ED         904            mov     a,r5
0177 2A         905            add     a,r2
0178 FF         906            mov     r7,a
0179 EE         907            mov     a,r6
017A 3B         908            addc    a,r3
017B F8         909            mov     r0,a
017C 8C01       910            mov     ar1,r4
017E 8F82       911            mov     dpl,r7
0180 8883       912            mov     dph,r0
0182 89F0       913            mov     b,r1
0184 120100     914            lcall   __gptrget
0187 FF         915            mov     r7,a
0188 6001       916            jz      L011006?
018A 8F82       917            mov     dpl,r7
018C C002       918            push    ar2
018E C003       919            push    ar3
0190 C004       920            push    ar4
0192 C005       921            push    ar5
0194 C006       922            push    ar6
0196 120100     923            lcall   _WriteData
0199 D006       924            pop     ar6
019B D005       925            pop     ar5
019D D004       926            pop     ar4
019F D003       927            pop     ar3
01A1 D002       928            pop     ar2
01A3 0D         929            inc     r5
01A4 BD00F0     930            cjne    r5,#0x00,L011003?
01A7 0E         931            inc     r6
01A8 8001       932            sjmp    L011003?
01AA            933   L011006?:
01AA            934   ;        C:\Users\K\Desktop\courses\3rd Year term2\ELEC291\lab4\Submit\lab4.c:198: if(clear) for(; j<CHARS_PER_LINE; j++) WriteData(' '); // Clear the rest of the line
01AA 3070B0     935            jnb     _LCDprint_PARM_3,L011011?
01AD 8D02       936            mov     ar2,r5
01AF 8E03       937            mov     ar3,r6
01B1            938   L011007?:
01B1 C3         939            clr     c
01B2 EA         940            mov     a,r2
01B3 9410       941            subb    a,#0x10
01B5 EB         942            mov     a,r3
01B6 6480       943            xrl     a,#0x80
01B8 9480       944            subb    a,#0x80
01BA 5001       945            jnc     L011011?
01BC 758220     946            mov     dpl,#0x20
01BF C002       947            push    ar2
01C1 C003       948            push    ar3
01C3 120100     949            lcall   _WriteData
01C6 D003       950            pop     ar3
01C8 D002       951            pop     ar2
01CA 0A         952            inc     r2
01CB BA00F0     953            cjne    r2,#0x00,L011007?
01CE 0B         954            inc     r3
01CF 8001       955            sjmp    L011007?
01D1            956   L011011?:
01D1 22         957            ret
01D2            958   ;------------------------------------------------------------
01D2            959   ;Allocation info for local variables in function 'getsn'
01D2            960   ;------------------------------------------------------------
01D2            961   ;len                       Allocated with name '_getsn_PARM_2'
01D2            962   ;buff                      Allocated with name '_getsn_buff_1_45'
01D2            963   ;j                         Allocated with name '_getsn_sloc0_1_0'
01D2            964   ;c                         Allocated to registers r3 
01D2            965   ;sloc0                     Allocated with name '_getsn_sloc0_1_0'
01D2            966   ;------------------------------------------------------------
01D2            967   ;        C:\Users\K\Desktop\courses\3rd Year term2\ELEC291\lab4\Submit\lab4.c:201: int getsn (char * buff, int len)
01D2            968   ;        -----------------------------------------
01D2            969   ;         function getsn
01D2            970   ;        -----------------------------------------
01D2            971   _getsn:
01D2 858250     972            mov     _getsn_buff_1_45,dpl
01D5 858351     973            mov     (_getsn_buff_1_45 + 1),dph
01D8 85F052     974            mov     (_getsn_buff_1_45 + 2),b
01DB            975   ;        C:\Users\K\Desktop\courses\3rd Year term2\ELEC291\lab4\Submit\lab4.c:206: for(j=0; j<(len-1); j++)
01DB E4         976            clr     a
01DC F5A0       977            mov     _getsn_sloc0_1_0,a
01DE F5A1       978            mov     (_getsn_sloc0_1_0 + 1),a
01E0 E5B0       979            mov     a,_getsn_PARM_2
01E2 24FF       980            add     a,#0xff
01E4 FF         981            mov     r7,a
01E5 E5B1       982            mov     a,(_getsn_PARM_2 + 1)
01E7 34FF       983            addc    a,#0xff
01E9 F8         984            mov     r0,a
01EA 7900       985            mov     r1,#0x00
01EC 7A00       986            mov     r2,#0x00
01EE            987   L012005?:
01EE C3         988            clr     c
01EF E9         989            mov     a,r1
01F0 9F         990            subb    a,r7
01F1 EA         991            mov     a,r2
01F2 6480       992            xrl     a,#0x80
01F4 88F0       993            mov     b,r0
01F6 63F080     994            xrl     b,#0x80
01F9 95F0       995            subb    a,b
01FB 5001       996            jnc     L012008?
01FD            997   ;        C:\Users\K\Desktop\courses\3rd Year term2\ELEC291\lab4\Submit\lab4.c:208: c=getchar();
01FD C002       998            push    ar2
01FF C007       999            push    ar7
0201 C000      1000            push    ar0
0203 C001      1001            push    ar1
0205 120100    1002            lcall   _getchar
0208 AB82      1003            mov     r3,dpl
020A D001      1004            pop     ar1
020C D000      1005            pop     ar0
020E D007      1006            pop     ar7
0210 D002      1007            pop     ar2
0212           1008   ;        C:\Users\K\Desktop\courses\3rd Year term2\ELEC291\lab4\Submit\lab4.c:209: if ( (c=='\n') || (c=='\r') )
0212 BB0AF0    1009            cjne    r3,#0x0A,L012015?
0215 8001      1010            sjmp    L012001?
0217           1011   L012015?:
0217 BB0D70    1012            cjne    r3,#0x0D,L012002?
021A           1013   L012001?:
021A           1014   ;        C:\Users\K\Desktop\courses\3rd Year term2\ELEC291\lab4\Submit\lab4.c:211: buff[j]=0;
021A E5A0      1015            mov     a,_getsn_sloc0_1_0
021C 2550      1016            add     a,_getsn_buff_1_45
021E FC        1017            mov     r4,a
021F E5A1      1018            mov     a,(_getsn_sloc0_1_0 + 1)
0221 3551      1019            addc    a,(_getsn_buff_1_45 + 1)
0223 FD        1020            mov     r5,a
0224 AE52      1021            mov     r6,(_getsn_buff_1_45 + 2)
0226 8C82      1022            mov     dpl,r4
0228 8D83      1023            mov     dph,r5
022A 8EF0      1024            mov     b,r6
022C E4        1025            clr     a
022D 120100    1026            lcall   __gptrput
0230           1027   ;        C:\Users\K\Desktop\courses\3rd Year term2\ELEC291\lab4\Submit\lab4.c:212: return j;
0230 85A082    1028            mov     dpl,_getsn_sloc0_1_0
0233 85A183    1029            mov     dph,(_getsn_sloc0_1_0 + 1)
0236 22        1030            ret
0237           1031   L012002?:
0237           1032   ;        C:\Users\K\Desktop\courses\3rd Year term2\ELEC291\lab4\Submit\lab4.c:216: buff[j]=c;
0237 E9        1033            mov     a,r1
0238 2550      1034            add     a,_getsn_buff_1_45
023A FC        1035            mov     r4,a
023B EA        1036            mov     a,r2
023C 3551      1037            addc    a,(_getsn_buff_1_45 + 1)
023E FD        1038            mov     r5,a
023F AE52      1039            mov     r6,(_getsn_buff_1_45 + 2)
0241 8C82      1040            mov     dpl,r4
0243 8D83      1041            mov     dph,r5
0245 8EF0      1042            mov     b,r6
0247 EB        1043            mov     a,r3
0248 120100    1044            lcall   __gptrput
024B           1045   ;        C:\Users\K\Desktop\courses\3rd Year term2\ELEC291\lab4\Submit\lab4.c:206: for(j=0; j<(len-1); j++)
024B 09        1046            inc     r1
024C B900F0    1047            cjne    r1,#0x00,L012018?
024F 0A        1048            inc     r2
0250           1049   L012018?:
0250 89A0      1050            mov     _getsn_sloc0_1_0,r1
0252 8AA1      1051            mov     (_getsn_sloc0_1_0 + 1),r2
0254 8001      1052            sjmp    L012005?
0256           1053   L012008?:
0256           1054   ;        C:\Users\K\Desktop\courses\3rd Year term2\ELEC291\lab4\Submit\lab4.c:219: buff[j]=0;
0256 E5A0      1055            mov     a,_getsn_sloc0_1_0
0258 2550      1056            add     a,_getsn_buff_1_45
025A FA        1057            mov     r2,a
025B E5A1      1058            mov     a,(_getsn_sloc0_1_0 + 1)
025D 3551      1059            addc    a,(_getsn_buff_1_45 + 1)
025F FB        1060            mov     r3,a
0260 AC52      1061            mov     r4,(_getsn_buff_1_45 + 2)
0262 8A82      1062            mov     dpl,r2
0264 8B83      1063            mov     dph,r3
0266 8CF0      1064            mov     b,r4
0268 E4        1065            clr     a
0269 120100    1066            lcall   __gptrput
026C           1067   ;        C:\Users\K\Desktop\courses\3rd Year term2\ELEC291\lab4\Submit\lab4.c:220: return len;
026C 85B082    1068            mov     dpl,_getsn_PARM_2
026F 85B183    1069            mov     dph,(_getsn_PARM_2 + 1)
0272 22        1070            ret
0273           1071   ;------------------------------------------------------------
0273           1072   ;Allocation info for local variables in function 'main'
0273           1073   ;------------------------------------------------------------
0273           1074   ;printcap                  Allocated with name '_main_printcap_1_51'
0273           1075   ;period                    Allocated to registers r2 r3 r4 r5 
0273           1076   ;capacitance               Allocated to registers r2 r3 r4 r5 
0273           1077   ;------------------------------------------------------------
0273           1078   ;        C:\Users\K\Desktop\courses\3rd Year term2\ELEC291\lab4\Submit\lab4.c:224: void main (void) 
0273           1079   ;        -----------------------------------------
0273           1080   ;         function main
0273           1081   ;        -----------------------------------------
0273           1082   _main:
0273           1083   ;        C:\Users\K\Desktop\courses\3rd Year term2\ELEC291\lab4\Submit\lab4.c:229: LCD_4BIT();
0273 120100    1084            lcall   _LCD_4BIT
0276           1085   ;        C:\Users\K\Desktop\courses\3rd Year term2\ELEC291\lab4\Submit\lab4.c:230: TIMER0_Init();
0276 120100    1086            lcall   _TIMER0_Init
0279           1087   ;        C:\Users\K\Desktop\courses\3rd Year term2\ELEC291\lab4\Submit\lab4.c:231: waitms(500); // Give PuTTY a chance to start.
0279 9001F4    1088            mov     dptr,#0x01F4
027C 120100    1089            lcall   _waitms
027F           1090   ;        C:\Users\K\Desktop\courses\3rd Year term2\ELEC291\lab4\Submit\lab4.c:232: printf("\x1b[2J"); // Clear screen using ANSI escape sequence.
027F 7430      1091            mov     a,#__str_0
0281 C0E0      1092            push    acc
0283 74B9      1093            mov     a,#(__str_0 >> 8)
0285 C0E0      1094            push    acc
0287 7480      1095            mov     a,#0x80
0289 C0E0      1096            push    acc
028B 120100    1097            lcall   _printf
028E 1581      1098            dec     sp
0290 1581      1099            dec     sp
0292 1581      1100            dec     sp
0294           1101   ;        C:\Users\K\Desktop\courses\3rd Year term2\ELEC291\lab4\Submit\lab4.c:237: __FILE__, __DATE__, __TIME__);
0294           1102   ;        C:\Users\K\Desktop\courses\3rd Year term2\ELEC291\lab4\Submit\lab4.c:236: "Compiled: %s, %s\n\n",
0294 74F0      1103            mov     a,#__str_4
0296 C0E0      1104            push    acc
0298 74B9      1105            mov     a,#(__str_4 >> 8)
029A C0E0      1106            push    acc
029C 7480      1107            mov     a,#0x80
029E C0E0      1108            push    acc
02A0 7430      1109            mov     a,#__str_3
02A2 C0E0      1110            push    acc
02A4 74BA      1111            mov     a,#(__str_3 >> 8)
02A6 C0E0      1112            push    acc
02A8 7480      1113            mov     a,#0x80
02AA C0E0      1114            push    acc
02AC 7470      1115            mov     a,#__str_2
02AE C0E0      1116            push    acc
02B0 74BA      1117            mov     a,#(__str_2 >> 8)
02B2 C0E0      1118            push    acc
02B4 7480      1119            mov     a,#0x80
02B6 C0E0      1120            push    acc
02B8 74B0      1121            mov     a,#__str_1
02BA C0E0      1122            push    acc
02BC 74BA      1123            mov     a,#(__str_1 >> 8)
02BE C0E0      1124            push    acc
02C0 7480      1125            mov     a,#0x80
02C2 C0E0      1126            push    acc
02C4 120100    1127            lcall   _printf
02C7 E581      1128            mov     a,sp
02C9 24F4      1129            add     a,#0xf4
02CB F581      1130            mov     sp,a
02CD           1131   ;        C:\Users\K\Desktop\courses\3rd Year term2\ELEC291\lab4\Submit\lab4.c:240: while (1)
02CD           1132   L013018?:
02CD           1133   ;        C:\Users\K\Desktop\courses\3rd Year term2\ELEC291\lab4\Submit\lab4.c:245: TL0=0; 
02CD 758A00    1134            mov     _TL0,#0x00
02D0           1135   ;        C:\Users\K\Desktop\courses\3rd Year term2\ELEC291\lab4\Submit\lab4.c:246: TH0=0;
02D0 758C00    1136            mov     _TH0,#0x00
02D3           1137   ;        C:\Users\K\Desktop\courses\3rd Year term2\ELEC291\lab4\Submit\lab4.c:247: TF0=0;
02D3 C28D      1138            clr     _TF0
02D5           1139   ;        C:\Users\K\Desktop\courses\3rd Year term2\ELEC291\lab4\Submit\lab4.c:248: overflow_count=0;
02D5 754000    1140            mov     _overflow_count,#0x00
02D8           1141   ;        C:\Users\K\Desktop\courses\3rd Year term2\ELEC291\lab4\Submit\lab4.c:249: while(P0_1!=0); // Wait for the signal to be zero
02D8           1142   L013001?:
02D8 208130    1143            jb      _P0_1,L013001?
02DB           1144   ;        C:\Users\K\Desktop\courses\3rd Year term2\ELEC291\lab4\Submit\lab4.c:250: while(P0_1!=1); // Wait for the signal to be one
02DB           1145   L013004?:
02DB 308170    1146            jnb     _P0_1,L013004?
02DE           1147   ;        C:\Users\K\Desktop\courses\3rd Year term2\ELEC291\lab4\Submit\lab4.c:251: TR0=1; // Start the timer
02DE D28C      1148            setb    _TR0
02E0           1149   ;        C:\Users\K\Desktop\courses\3rd Year term2\ELEC291\lab4\Submit\lab4.c:252: while(P0_1!=0) // Wait for the signal to be zero
02E0           1150   L013009?:
02E0 3081F0    1151            jnb     _P0_1,L013014?
02E3           1152   ;        C:\Users\K\Desktop\courses\3rd Year term2\ELEC291\lab4\Submit\lab4.c:254: if(TF0==1) // Did the 16-bit timer overflow?
02E3           1153   ;        C:\Users\K\Desktop\courses\3rd Year term2\ELEC291\lab4\Submit\lab4.c:256: TF0=0;
02E3 108D30    1154            jbc     _TF0,L013035?
02E6 8001      1155            sjmp    L013009?
02E8           1156   L013035?:
02E8           1157   ;        C:\Users\K\Desktop\courses\3rd Year term2\ELEC291\lab4\Submit\lab4.c:257: overflow_count++;
02E8 0540      1158            inc     _overflow_count
02EA           1159   ;        C:\Users\K\Desktop\courses\3rd Year term2\ELEC291\lab4\Submit\lab4.c:260: while(P0_1!=1) // Wait for the signal to be one
02EA 8001      1160            sjmp    L013009?
02EC           1161   L013014?:
02EC 208170    1162            jb      _P0_1,L013016?
02EF           1163   ;        C:\Users\K\Desktop\courses\3rd Year term2\ELEC291\lab4\Submit\lab4.c:262: if(TF0==1) // Did the 16-bit timer overflow?
02EF           1164   ;        C:\Users\K\Desktop\courses\3rd Year term2\ELEC291\lab4\Submit\lab4.c:264: TF0=0;
02EF 108DB0    1165            jbc     _TF0,L013037?
02F2 8001      1166            sjmp    L013014?
02F4           1167   L013037?:
02F4           1168   ;        C:\Users\K\Desktop\courses\3rd Year term2\ELEC291\lab4\Submit\lab4.c:265: overflow_count++;
02F4 0540      1169            inc     _overflow_count
02F6 8001      1170            sjmp    L013014?
02F8           1171   L013016?:
02F8           1172   ;        C:\Users\K\Desktop\courses\3rd Year term2\ELEC291\lab4\Submit\lab4.c:268: TR0=0; // Stop timer 0, the 24-bit number [overflow_count-TH0-TL0] has the period!
02F8 C28C      1173            clr     _TR0
02FA           1174   ;        C:\Users\K\Desktop\courses\3rd Year term2\ELEC291\lab4\Submit\lab4.c:269: period=(overflow_count*65536.0+TH0*256.0+TL0)*(12.0/SYSCLK);
02FA 854082    1175            mov     dpl,_overflow_count
02FD 120100    1176            lcall   ___uchar2fs
0300 AA82      1177            mov     r2,dpl
0302 AB83      1178            mov     r3,dph
0304 ACF0      1179            mov     r4,b
0306 FD        1180            mov     r5,a
0307 C002      1181            push    ar2
0309 C003      1182            push    ar3
030B C004      1183            push    ar4
030D C005      1184            push    ar5
030F 900000    1185            mov     dptr,#0x0000
0312 75F080    1186            mov     b,#0x80
0315 7447      1187            mov     a,#0x47
0317 120100    1188            lcall   ___fsmul
031A AA82      1189            mov     r2,dpl
031C AB83      1190            mov     r3,dph
031E ACF0      1191            mov     r4,b
0320 FD        1192            mov     r5,a
0321 E581      1193            mov     a,sp
0323 24FC      1194            add     a,#0xfc
0325 F581      1195            mov     sp,a
0327 858C82    1196            mov     dpl,_TH0
032A C002      1197            push    ar2
032C C003      1198            push    ar3
032E C004      1199            push    ar4
0330 C005      1200            push    ar5
0332 120100    1201            lcall   ___uchar2fs
0335 AE82      1202            mov     r6,dpl
0337 AF83      1203            mov     r7,dph
0339 A8F0      1204            mov     r0,b
033B F9        1205            mov     r1,a
033C C006      1206            push    ar6
033E C007      1207            push    ar7
0340 C000      1208            push    ar0
0342 C001      1209            push    ar1
0344 900000    1210            mov     dptr,#0x0000
0347 75F080    1211            mov     b,#0x80
034A 7443      1212            mov     a,#0x43
034C 120100    1213            lcall   ___fsmul
034F AE82      1214            mov     r6,dpl
0351 AF83      1215            mov     r7,dph
0353 A8F0      1216            mov     r0,b
0355 F9        1217            mov     r1,a
0356 E581      1218            mov     a,sp
0358 24FC      1219            add     a,#0xfc
035A F581      1220            mov     sp,a
035C D005      1221            pop     ar5
035E D004      1222            pop     ar4
0360 D003      1223            pop     ar3
0362 D002      1224            pop     ar2
0364 C006      1225            push    ar6
0366 C007      1226            push    ar7
0368 C000      1227            push    ar0
036A C001      1228            push    ar1
036C 8A82      1229            mov     dpl,r2
036E 8B83      1230            mov     dph,r3
0370 8CF0      1231            mov     b,r4
0372 ED        1232            mov     a,r5
0373 120100    1233            lcall   ___fsadd
0376 AA82      1234            mov     r2,dpl
0378 AB83      1235            mov     r3,dph
037A ACF0      1236            mov     r4,b
037C FD        1237            mov     r5,a
037D E581      1238            mov     a,sp
037F 24FC      1239            add     a,#0xfc
0381 F581      1240            mov     sp,a
0383 AE8A      1241            mov     r6,_TL0
0385 7F00      1242            mov     r7,#0x00
0387 8E82      1243            mov     dpl,r6
0389 8F83      1244            mov     dph,r7
038B C002      1245            push    ar2
038D C003      1246            push    ar3
038F C004      1247            push    ar4
0391 C005      1248            push    ar5
0393 120100    1249            lcall   ___sint2fs
0396 AE82      1250            mov     r6,dpl
0398 AF83      1251            mov     r7,dph
039A A8F0      1252            mov     r0,b
039C F9        1253            mov     r1,a
039D D005      1254            pop     ar5
039F D004      1255            pop     ar4
03A1 D003      1256            pop     ar3
03A3 D002      1257            pop     ar2
03A5 C006      1258            push    ar6
03A7 C007      1259            push    ar7
03A9 C000      1260            push    ar0
03AB C001      1261            push    ar1
03AD 8A82      1262            mov     dpl,r2
03AF 8B83      1263            mov     dph,r3
03B1 8CF0      1264            mov     b,r4
03B3 ED        1265            mov     a,r5
03B4 120100    1266            lcall   ___fsadd
03B7 AA82      1267            mov     r2,dpl
03B9 AB83      1268            mov     r3,dph
03BB ACF0      1269            mov     r4,b
03BD FD        1270            mov     r5,a
03BE E581      1271            mov     a,sp
03C0 24FC      1272            add     a,#0xfc
03C2 F581      1273            mov     sp,a
03C4 C002      1274            push    ar2
03C6 C003      1275            push    ar3
03C8 C004      1276            push    ar4
03CA C005      1277            push    ar5
03CC 90F4FC    1278            mov     dptr,#0xF4FC
03CF 75F032    1279            mov     b,#0x32
03D2 7434      1280            mov     a,#0x34
03D4 120100    1281            lcall   ___fsmul
03D7 AA82      1282            mov     r2,dpl
03D9 AB83      1283            mov     r3,dph
03DB ACF0      1284            mov     r4,b
03DD FD        1285            mov     r5,a
03DE E581      1286            mov     a,sp
03E0 24FC      1287            add     a,#0xfc
03E2 F581      1288            mov     sp,a
03E4           1289   ;        C:\Users\K\Desktop\courses\3rd Year term2\ELEC291\lab4\Submit\lab4.c:270: capacitance = period*1.44/(1960*3);
03E4 C002      1290            push    ar2
03E6 C003      1291            push    ar3
03E8 C004      1292            push    ar4
03EA C005      1293            push    ar5
03EC 9051EC    1294            mov     dptr,#0x51EC
03EF 75F0B8    1295            mov     b,#0xB8
03F2 743F      1296            mov     a,#0x3F
03F4 120100    1297            lcall   ___fsmul
03F7 AA82      1298            mov     r2,dpl
03F9 AB83      1299            mov     r3,dph
03FB ACF0      1300            mov     r4,b
03FD FD        1301            mov     r5,a
03FE E581      1302            mov     a,sp
0400 24FC      1303            add     a,#0xfc
0402 F581      1304            mov     sp,a
0404 E4        1305            clr     a
0405 C0E0      1306            push    acc
0407 74C0      1307            mov     a,#0xC0
0409 C0E0      1308            push    acc
040B 74B7      1309            mov     a,#0xB7
040D C0E0      1310            push    acc
040F 7445      1311            mov     a,#0x45
0411 C0E0      1312            push    acc
0413 8A82      1313            mov     dpl,r2
0415 8B83      1314            mov     dph,r3
0417 8CF0      1315            mov     b,r4
0419 ED        1316            mov     a,r5
041A 120100    1317            lcall   ___fsdiv
041D AA82      1318            mov     r2,dpl
041F AB83      1319            mov     r3,dph
0421 ACF0      1320            mov     r4,b
0423 FD        1321            mov     r5,a
0424 E581      1322            mov     a,sp
0426 24FC      1323            add     a,#0xfc
0428 F581      1324            mov     sp,a
042A           1325   ;        C:\Users\K\Desktop\courses\3rd Year term2\ELEC291\lab4\Submit\lab4.c:272: sprintf(printcap, "Sav and Kingston");
042A C002      1326            push    ar2
042C C003      1327            push    ar3
042E C004      1328            push    ar4
0430 C005      1329            push    ar5
0432 7430      1330            mov     a,#__str_5
0434 C0E0      1331            push    acc
0436 74BE      1332            mov     a,#(__str_5 >> 8)
0438 C0E0      1333            push    acc
043A 7480      1334            mov     a,#0x80
043C C0E0      1335            push    acc
043E 74F0      1336            mov     a,#_main_printcap_1_51
0440 C0E0      1337            push    acc
0442 74B1      1338            mov     a,#(_main_printcap_1_51 >> 8)
0444 C0E0      1339            push    acc
0446 7440      1340            mov     a,#0x40
0448 C0E0      1341            push    acc
044A 120100    1342            lcall   _sprintf
044D E581      1343            mov     a,sp
044F 24FA      1344            add     a,#0xfa
0451 F581      1345            mov     sp,a
0453           1346   ;        C:\Users\K\Desktop\courses\3rd Year term2\ELEC291\lab4\Submit\lab4.c:273: LCDprint(printcap, 2, 0);
0453 750002    1347            mov     _LCDprint_PARM_2,#0x02
0456 C270      1348            clr     _LCDprint_PARM_3
0458 90B1F0    1349            mov     dptr,#_main_printcap_1_51
045B 75F040    1350            mov     b,#0x40
045E 120100    1351            lcall   _LCDprint
0461           1352   ;        C:\Users\K\Desktop\courses\3rd Year term2\ELEC291\lab4\Submit\lab4.c:275: sprintf(printcap, "Cap.=%.3f uF    ", capacitance*1000000.0);
0461 902400    1353            mov     dptr,#0x2400
0464 75F074    1354            mov     b,#0x74
0467 7449      1355            mov     a,#0x49
0469 120100    1356            lcall   ___fsmul
046C AA82      1357            mov     r2,dpl
046E AB83      1358            mov     r3,dph
0470 ACF0      1359            mov     r4,b
0472 FD        1360            mov     r5,a
0473 E581      1361            mov     a,sp
0475 24FC      1362            add     a,#0xfc
0477 F581      1363            mov     sp,a
0479 C002      1364            push    ar2
047B C003      1365            push    ar3
047D C004      1366            push    ar4
047F C005      1367            push    ar5
0481 C002      1368            push    ar2
0483 C003      1369            push    ar3
0485 C004      1370            push    ar4
0487 C005      1371            push    ar5
0489 74B0      1372            mov     a,#__str_6
048B C0E0      1373            push    acc
048D 74BE      1374            mov     a,#(__str_6 >> 8)
048F C0E0      1375            push    acc
0491 7480      1376            mov     a,#0x80
0493 C0E0      1377            push    acc
0495 74F0      1378            mov     a,#_main_printcap_1_51
0497 C0E0      1379            push    acc
0499 74B1      1380            mov     a,#(_main_printcap_1_51 >> 8)
049B C0E0      1381            push    acc
049D 7440      1382            mov     a,#0x40
049F C0E0      1383            push    acc
04A1 120100    1384            lcall   _sprintf
04A4 E581      1385            mov     a,sp
04A6 24F6      1386            add     a,#0xf6
04A8 F581      1387            mov     sp,a
04AA           1388   ;        C:\Users\K\Desktop\courses\3rd Year term2\ELEC291\lab4\Submit\lab4.c:276: LCDprint(printcap, 1, 0);
04AA 750001    1389            mov     _LCDprint_PARM_2,#0x01
04AD C270      1390            clr     _LCDprint_PARM_3
04AF 90B1F0    1391            mov     dptr,#_main_printcap_1_51
04B2 75F040    1392            mov     b,#0x40
04B5 120100    1393            lcall   _LCDprint
04B8           1394   ;        C:\Users\K\Desktop\courses\3rd Year term2\ELEC291\lab4\Submit\lab4.c:277: sprintf(printcap, "Cap.=%.3f uF    ", capacitance*1000000.0);
04B8 74B0      1395            mov     a,#__str_6
04BA C0E0      1396            push    acc
04BC 74BE      1397            mov     a,#(__str_6 >> 8)
04BE C0E0      1398            push    acc
04C0 7480      1399            mov     a,#0x80
04C2 C0E0      1400            push    acc
04C4 74F0      1401            mov     a,#_main_printcap_1_51
04C6 C0E0      1402            push    acc
04C8 74B1      1403            mov     a,#(_main_printcap_1_51 >> 8)
04CA C0E0      1404            push    acc
04CC 7440      1405            mov     a,#0x40
04CE C0E0      1406            push    acc
04D0 120100    1407            lcall   _sprintf
04D3 E581      1408            mov     a,sp
04D5 24F6      1409            add     a,#0xf6
04D7 F581      1410            mov     sp,a
04D9           1411   ;        C:\Users\K\Desktop\courses\3rd Year term2\ELEC291\lab4\Submit\lab4.c:278: waitms(100);
04D9 900064    1412            mov     dptr,#0x0064
04DC 120100    1413            lcall   _waitms
04DF 020100    1414            ljmp    L013018?
04E2           1415            rseg R_CSEG
04E2           1416   
0000           1417            rseg R_XINIT
0000           1418   
0000           1419            rseg R_CONST
0000           1420   __str_0:
0000 1B        1421            db 0x1B
0001 5B324A    1422            db '[2J'
0004 00        1423            db 0x00
0005           1424   __str_1:
0005 45464D38  1425            db 'EFM8 Period measurement at pin P0.1 using Timer 0.'
     20506572
     696F6420
     6D656173
     7572656D
     656E7420
     61742070
     696E2050
     302E3120
     7573696E
     67205469
     6D657220
     302E
0037 0A        1426            db 0x0A
0038 46696C65  1427            db 'File: %s'
     3A202573
0040 0A        1428            db 0x0A
0041 436F6D70  1429            db 'Compiled: %s, %s'
     696C6564
     3A202573
     2C202573
0051 0A        1430            db 0x0A
0052 0A        1431            db 0x0A
0053 00        1432            db 0x00
0054           1433   __str_2:
0054 433A      1434            db 'C:'
0056 5C        1435            db 0x5C
0057 55736572  1436            db 'Users'
     73
005C 5C        1437            db 0x5C
005D 4B        1438            db 'K'
005E 5C        1439            db 0x5C
005F 4465736B  1440            db 'Desktop'
     746F70
0066 5C        1441            db 0x5C
0067 636F7572  1442            db 'courses'
     736573
006E 5C        1443            db 0x5C
006F 33726420  1444            db '3rd Year term2'
     59656172
     20746572
     6D32
007D 5C        1445            db 0x5C
007E 454C4543  1446            db 'ELEC291'
     323931
0085 5C        1447            db 0x5C
0086 6C616234  1448            db 'lab4'
008A 5C        1449            db 0x5C
008B 5375626D  1450            db 'Submi'
     69
0090 74        1451            db 't'
0091 5C        1452            db 0x5C
0092 6C616234  1453            db 'lab4.c'
     2E63
0098 00        1454            db 0x00
0099           1455   __str_3:
0099 46656220  1456            db 'Feb 24 2020'
     32342032
     303230
00A4 00        1457            db 0x00
00A5           1458   __str_4:
00A5 31323A30  1459            db '12:02:45'
     323A3435
00AD 00        1460            db 0x00
00AE           1461   __str_5:
00AE 53617620  1462            db 'Sav and Kingston'
     616E6420
     4B696E67
     73746F6E
00BE 00        1463            db 0x00
00BF           1464   __str_6:
00BF 4361702E  1465            db 'Cap.=%.3f uF    '
     3D252E33
     66207546
     20202020
00CF 00        1466            db 0x00
00D0           1467   
0003           1468            CSEG
0003           1469   
0003           1470   end
