0000              1   ;--------------------------------------------------------
0000              2   ; File Created by C51
0000              3   ; Version 1.0.0 #1069 (Apr 23 2015) (MSVC)
0000              4   ; This file was generated Sun Mar 08 17:11:39 2020
0000              5   ;--------------------------------------------------------
                  5   $name lab6nobonus
                  6   $optc51 --model-small
0000              8            R_DSEG    segment data
0000              9            R_CSEG    segment code
0000             10            R_BSEG    segment bit
0000             11            R_XSEG    segment xdata
0000             12            R_PSEG    segment xdata
0000             13            R_ISEG    segment idata
0000             14            R_OSEG    segment data overlay
0000             15            BIT_BANK  segment data overlay
0000             16            R_HOME    segment code
0000             17            R_GSINIT  segment code
0000             18            R_IXSEG   segment xdata
0000             19            R_CONST   segment code
0000             20            R_XINIT   segment code
0000             21            R_DINIT   segment code
0000             22   
0000             23   ;--------------------------------------------------------
0000             24   ; Public variables in this module
0000             25   ;--------------------------------------------------------
0000             26            public _main
0000             27            public _getsn
0000             28            public _Timer2_ISR
0000             29            public __c51_external_startup
0000             30            public _getsn_PARM_2
0000             31            public _direction
0000             32            public _speed
0000             33            public _direction_c
0000             34            public _speed_c
0000             35            public _pwm_count
0000             36   ;--------------------------------------------------------
0000             37   ; Special Function Registers
0000             38   ;--------------------------------------------------------
0000             39   _ACC            DATA 0xe0
0000             40   _ADC0ASAH       DATA 0xb6
0000             41   _ADC0ASAL       DATA 0xb5
0000             42   _ADC0ASCF       DATA 0xa1
0000             43   _ADC0ASCT       DATA 0xc7
0000             44   _ADC0CF0        DATA 0xbc
0000             45   _ADC0CF1        DATA 0xb9
0000             46   _ADC0CF2        DATA 0xdf
0000             47   _ADC0CN0        DATA 0xe8
0000             48   _ADC0CN1        DATA 0xb2
0000             49   _ADC0CN2        DATA 0xb3
0000             50   _ADC0GTH        DATA 0xc4
0000             51   _ADC0GTL        DATA 0xc3
0000             52   _ADC0H          DATA 0xbe
0000             53   _ADC0L          DATA 0xbd
0000             54   _ADC0LTH        DATA 0xc6
0000             55   _ADC0LTL        DATA 0xc5
0000             56   _ADC0MX         DATA 0xbb
0000             57   _B              DATA 0xf0
0000             58   _CKCON0         DATA 0x8e
0000             59   _CKCON1         DATA 0xa6
0000             60   _CLEN0          DATA 0xc6
0000             61   _CLIE0          DATA 0xc7
0000             62   _CLIF0          DATA 0xe8
0000             63   _CLKSEL         DATA 0xa9
0000             64   _CLOUT0         DATA 0xd1
0000             65   _CLU0CF         DATA 0xb1
0000             66   _CLU0FN         DATA 0xaf
0000             67   _CLU0MX         DATA 0x84
0000             68   _CLU1CF         DATA 0xb3
0000             69   _CLU1FN         DATA 0xb2
0000             70   _CLU1MX         DATA 0x85
0000             71   _CLU2CF         DATA 0xb6
0000             72   _CLU2FN         DATA 0xb5
0000             73   _CLU2MX         DATA 0x91
0000             74   _CLU3CF         DATA 0xbf
0000             75   _CLU3FN         DATA 0xbe
0000             76   _CLU3MX         DATA 0xae
0000             77   _CMP0CN0        DATA 0x9b
0000             78   _CMP0CN1        DATA 0x99
0000             79   _CMP0MD         DATA 0x9d
0000             80   _CMP0MX         DATA 0x9f
0000             81   _CMP1CN0        DATA 0xbf
0000             82   _CMP1CN1        DATA 0xac
0000             83   _CMP1MD         DATA 0xab
0000             84   _CMP1MX         DATA 0xaa
0000             85   _CRC0CN0        DATA 0xce
0000             86   _CRC0CN1        DATA 0x86
0000             87   _CRC0CNT        DATA 0xd3
0000             88   _CRC0DAT        DATA 0xcb
0000             89   _CRC0FLIP       DATA 0xcf
0000             90   _CRC0IN         DATA 0xca
0000             91   _CRC0ST         DATA 0xd2
0000             92   _DAC0CF0        DATA 0x91
0000             93   _DAC0CF1        DATA 0x92
0000             94   _DAC0H          DATA 0x85
0000             95   _DAC0L          DATA 0x84
0000             96   _DAC1CF0        DATA 0x93
0000             97   _DAC1CF1        DATA 0x94
0000             98   _DAC1H          DATA 0x8a
0000             99   _DAC1L          DATA 0x89
0000            100   _DAC2CF0        DATA 0x95
0000            101   _DAC2CF1        DATA 0x96
0000            102   _DAC2H          DATA 0x8c
0000            103   _DAC2L          DATA 0x8b
0000            104   _DAC3CF0        DATA 0x9a
0000            105   _DAC3CF1        DATA 0x9c
0000            106   _DAC3H          DATA 0x8e
0000            107   _DAC3L          DATA 0x8d
0000            108   _DACGCF0        DATA 0x88
0000            109   _DACGCF1        DATA 0x98
0000            110   _DACGCF2        DATA 0xa2
0000            111   _DERIVID        DATA 0xad
0000            112   _DEVICEID       DATA 0xb5
0000            113   _DPH            DATA 0x83
0000            114   _DPL            DATA 0x82
0000            115   _EIE1           DATA 0xe6
0000            116   _EIE2           DATA 0xf3
0000            117   _EIP1           DATA 0xbb
0000            118   _EIP1H          DATA 0xee
0000            119   _EIP2           DATA 0xed
0000            120   _EIP2H          DATA 0xf6
0000            121   _EMI0CN         DATA 0xe7
0000            122   _FLKEY          DATA 0xb7
0000            123   _HFO0CAL        DATA 0xc7
0000            124   _HFO1CAL        DATA 0xd6
0000            125   _HFOCN          DATA 0xef
0000            126   _I2C0ADM        DATA 0xff
0000            127   _I2C0CN0        DATA 0xba
0000            128   _I2C0DIN        DATA 0xbc
0000            129   _I2C0DOUT       DATA 0xbb
0000            130   _I2C0FCN0       DATA 0xad
0000            131   _I2C0FCN1       DATA 0xab
0000            132   _I2C0FCT        DATA 0xf5
0000            133   _I2C0SLAD       DATA 0xbd
0000            134   _I2C0STAT       DATA 0xb9
0000            135   _IE             DATA 0xa8
0000            136   _IP             DATA 0xb8
0000            137   _IPH            DATA 0xf2
0000            138   _IT01CF         DATA 0xe4
0000            139   _LFO0CN         DATA 0xb1
0000            140   _P0             DATA 0x80
0000            141   _P0MASK         DATA 0xfe
0000            142   _P0MAT          DATA 0xfd
0000            143   _P0MDIN         DATA 0xf1
0000            144   _P0MDOUT        DATA 0xa4
0000            145   _P0SKIP         DATA 0xd4
0000            146   _P1             DATA 0x90
0000            147   _P1MASK         DATA 0xee
0000            148   _P1MAT          DATA 0xed
0000            149   _P1MDIN         DATA 0xf2
0000            150   _P1MDOUT        DATA 0xa5
0000            151   _P1SKIP         DATA 0xd5
0000            152   _P2             DATA 0xa0
0000            153   _P2MASK         DATA 0xfc
0000            154   _P2MAT          DATA 0xfb
0000            155   _P2MDIN         DATA 0xf3
0000            156   _P2MDOUT        DATA 0xa6
0000            157   _P2SKIP         DATA 0xcc
0000            158   _P3             DATA 0xb0
0000            159   _P3MDIN         DATA 0xf4
0000            160   _P3MDOUT        DATA 0x9c
0000            161   _PCA0CENT       DATA 0x9e
0000            162   _PCA0CLR        DATA 0x9c
0000            163   _PCA0CN0        DATA 0xd8
0000            164   _PCA0CPH0       DATA 0xfc
0000            165   _PCA0CPH1       DATA 0xea
0000            166   _PCA0CPH2       DATA 0xec
0000            167   _PCA0CPH3       DATA 0xf5
0000            168   _PCA0CPH4       DATA 0x85
0000            169   _PCA0CPH5       DATA 0xde
0000            170   _PCA0CPL0       DATA 0xfb
0000            171   _PCA0CPL1       DATA 0xe9
0000            172   _PCA0CPL2       DATA 0xeb
0000            173   _PCA0CPL3       DATA 0xf4
0000            174   _PCA0CPL4       DATA 0x84
0000            175   _PCA0CPL5       DATA 0xdd
0000            176   _PCA0CPM0       DATA 0xda
0000            177   _PCA0CPM1       DATA 0xdb
0000            178   _PCA0CPM2       DATA 0xdc
0000            179   _PCA0CPM3       DATA 0xae
0000            180   _PCA0CPM4       DATA 0xaf
0000            181   _PCA0CPM5       DATA 0xcc
0000            182   _PCA0H          DATA 0xfa
0000            183   _PCA0L          DATA 0xf9
0000            184   _PCA0MD         DATA 0xd9
0000            185   _PCA0POL        DATA 0x96
0000            186   _PCA0PWM        DATA 0xf7
0000            187   _PCON0          DATA 0x87
0000            188   _PCON1          DATA 0xcd
0000            189   _PFE0CN         DATA 0xc1
0000            190   _PRTDRV         DATA 0xf6
0000            191   _PSCTL          DATA 0x8f
0000            192   _PSTAT0         DATA 0xaa
0000            193   _PSW            DATA 0xd0
0000            194   _REF0CN         DATA 0xd1
0000            195   _REG0CN         DATA 0xc9
0000            196   _REVID          DATA 0xb6
0000            197   _RSTSRC         DATA 0xef
0000            198   _SBCON1         DATA 0x94
0000            199   _SBRLH1         DATA 0x96
0000            200   _SBRLL1         DATA 0x95
0000            201   _SBUF           DATA 0x99
0000            202   _SBUF0          DATA 0x99
0000            203   _SBUF1          DATA 0x92
0000            204   _SCON           DATA 0x98
0000            205   _SCON0          DATA 0x98
0000            206   _SCON1          DATA 0xc8
0000            207   _SFRPAGE        DATA 0xa7
0000            208   _SFRPGCN        DATA 0xbc
0000            209   _SFRSTACK       DATA 0xd7
0000            210   _SMB0ADM        DATA 0xd6
0000            211   _SMB0ADR        DATA 0xd7
0000            212   _SMB0CF         DATA 0xc1
0000            213   _SMB0CN0        DATA 0xc0
0000            214   _SMB0DAT        DATA 0xc2
0000            215   _SMB0FCN0       DATA 0xc3
0000            216   _SMB0FCN1       DATA 0xc4
0000            217   _SMB0FCT        DATA 0xef
0000            218   _SMB0RXLN       DATA 0xc5
0000            219   _SMB0TC         DATA 0xac
0000            220   _SMOD1          DATA 0x93
0000            221   _SP             DATA 0x81
0000            222   _SPI0CFG        DATA 0xa1
0000            223   _SPI0CKR        DATA 0xa2
0000            224   _SPI0CN0        DATA 0xf8
0000            225   _SPI0DAT        DATA 0xa3
0000            226   _SPI0FCN0       DATA 0x9a
0000            227   _SPI0FCN1       DATA 0x9b
0000            228   _SPI0FCT        DATA 0xf7
0000            229   _SPI0PCF        DATA 0xdf
0000            230   _TCON           DATA 0x88
0000            231   _TH0            DATA 0x8c
0000            232   _TH1            DATA 0x8d
0000            233   _TL0            DATA 0x8a
0000            234   _TL1            DATA 0x8b
0000            235   _TMOD           DATA 0x89
0000            236   _TMR2CN0        DATA 0xc8
0000            237   _TMR2CN1        DATA 0xfd
0000            238   _TMR2H          DATA 0xcf
0000            239   _TMR2L          DATA 0xce
0000            240   _TMR2RLH        DATA 0xcb
0000            241   _TMR2RLL        DATA 0xca
0000            242   _TMR3CN0        DATA 0x91
0000            243   _TMR3CN1        DATA 0xfe
0000            244   _TMR3H          DATA 0x95
0000            245   _TMR3L          DATA 0x94
0000            246   _TMR3RLH        DATA 0x93
0000            247   _TMR3RLL        DATA 0x92
0000            248   _TMR4CN0        DATA 0x98
0000            249   _TMR4CN1        DATA 0xff
0000            250   _TMR4H          DATA 0xa5
0000            251   _TMR4L          DATA 0xa4
0000            252   _TMR4RLH        DATA 0xa3
0000            253   _TMR4RLL        DATA 0xa2
0000            254   _TMR5CN0        DATA 0xc0
0000            255   _TMR5CN1        DATA 0xf1
0000            256   _TMR5H          DATA 0xd5
0000            257   _TMR5L          DATA 0xd4
0000            258   _TMR5RLH        DATA 0xd3
0000            259   _TMR5RLL        DATA 0xd2
0000            260   _UART0PCF       DATA 0xd9
0000            261   _UART1FCN0      DATA 0x9d
0000            262   _UART1FCN1      DATA 0xd8
0000            263   _UART1FCT       DATA 0xfa
0000            264   _UART1LIN       DATA 0x9e
0000            265   _UART1PCF       DATA 0xda
0000            266   _VDM0CN         DATA 0xff
0000            267   _WDTCN          DATA 0x97
0000            268   _XBR0           DATA 0xe1
0000            269   _XBR1           DATA 0xe2
0000            270   _XBR2           DATA 0xe3
0000            271   _XOSC0CN        DATA 0x86
0000            272   _DPTR           DATA 0x8382
0000            273   _TMR2RL         DATA 0xcbca
0000            274   _TMR3RL         DATA 0x9392
0000            275   _TMR4RL         DATA 0xa3a2
0000            276   _TMR5RL         DATA 0xd3d2
0000            277   _TMR0           DATA 0x8c8a
0000            278   _TMR1           DATA 0x8d8b
0000            279   _TMR2           DATA 0xcfce
0000            280   _TMR3           DATA 0x9594
0000            281   _TMR4           DATA 0xa5a4
0000            282   _TMR5           DATA 0xd5d4
0000            283   _SBRL1          DATA 0x9695
0000            284   _PCA0           DATA 0xfaf9
0000            285   _PCA0CP0        DATA 0xfcfb
0000            286   _PCA0CP1        DATA 0xeae9
0000            287   _PCA0CP2        DATA 0xeceb
0000            288   _PCA0CP3        DATA 0xf5f4
0000            289   _PCA0CP4        DATA 0x8584
0000            290   _PCA0CP5        DATA 0xdedd
0000            291   _ADC0ASA        DATA 0xb6b5
0000            292   _ADC0GT         DATA 0xc4c3
0000            293   _ADC0           DATA 0xbebd
0000            294   _ADC0LT         DATA 0xc6c5
0000            295   _DAC0           DATA 0x8584
0000            296   _DAC1           DATA 0x8a89
0000            297   _DAC2           DATA 0x8c8b
0000            298   _DAC3           DATA 0x8e8d
0000            299   ;--------------------------------------------------------
0000            300   ; special function bits
0000            301   ;--------------------------------------------------------
0000            302   _ACC_0          BIT 0xe0
0000            303   _ACC_1          BIT 0xe1
0000            304   _ACC_2          BIT 0xe2
0000            305   _ACC_3          BIT 0xe3
0000            306   _ACC_4          BIT 0xe4
0000            307   _ACC_5          BIT 0xe5
0000            308   _ACC_6          BIT 0xe6
0000            309   _ACC_7          BIT 0xe7
0000            310   _TEMPE          BIT 0xe8
0000            311   _ADGN0          BIT 0xe9
0000            312   _ADGN1          BIT 0xea
0000            313   _ADWINT         BIT 0xeb
0000            314   _ADBUSY         BIT 0xec
0000            315   _ADINT          BIT 0xed
0000            316   _IPOEN          BIT 0xee
0000            317   _ADEN           BIT 0xef
0000            318   _B_0            BIT 0xf0
0000            319   _B_1            BIT 0xf1
0000            320   _B_2            BIT 0xf2
0000            321   _B_3            BIT 0xf3
0000            322   _B_4            BIT 0xf4
0000            323   _B_5            BIT 0xf5
0000            324   _B_6            BIT 0xf6
0000            325   _B_7            BIT 0xf7
0000            326   _C0FIF          BIT 0xe8
0000            327   _C0RIF          BIT 0xe9
0000            328   _C1FIF          BIT 0xea
0000            329   _C1RIF          BIT 0xeb
0000            330   _C2FIF          BIT 0xec
0000            331   _C2RIF          BIT 0xed
0000            332   _C3FIF          BIT 0xee
0000            333   _C3RIF          BIT 0xef
0000            334   _D1SRC0         BIT 0x88
0000            335   _D1SRC1         BIT 0x89
0000            336   _D1AMEN         BIT 0x8a
0000            337   _D01REFSL       BIT 0x8b
0000            338   _D3SRC0         BIT 0x8c
0000            339   _D3SRC1         BIT 0x8d
0000            340   _D3AMEN         BIT 0x8e
0000            341   _D23REFSL       BIT 0x8f
0000            342   _D0UDIS         BIT 0x98
0000            343   _D1UDIS         BIT 0x99
0000            344   _D2UDIS         BIT 0x9a
0000            345   _D3UDIS         BIT 0x9b
0000            346   _EX0            BIT 0xa8
0000            347   _ET0            BIT 0xa9
0000            348   _EX1            BIT 0xaa
0000            349   _ET1            BIT 0xab
0000            350   _ES0            BIT 0xac
0000            351   _ET2            BIT 0xad
0000            352   _ESPI0          BIT 0xae
0000            353   _EA             BIT 0xaf
0000            354   _PX0            BIT 0xb8
0000            355   _PT0            BIT 0xb9
0000            356   _PX1            BIT 0xba
0000            357   _PT1            BIT 0xbb
0000            358   _PS0            BIT 0xbc
0000            359   _PT2            BIT 0xbd
0000            360   _PSPI0          BIT 0xbe
0000            361   _P0_0           BIT 0x80
0000            362   _P0_1           BIT 0x81
0000            363   _P0_2           BIT 0x82
0000            364   _P0_3           BIT 0x83
0000            365   _P0_4           BIT 0x84
0000            366   _P0_5           BIT 0x85
0000            367   _P0_6           BIT 0x86
0000            368   _P0_7           BIT 0x87
0000            369   _P1_0           BIT 0x90
0000            370   _P1_1           BIT 0x91
0000            371   _P1_2           BIT 0x92
0000            372   _P1_3           BIT 0x93
0000            373   _P1_4           BIT 0x94
0000            374   _P1_5           BIT 0x95
0000            375   _P1_6           BIT 0x96
0000            376   _P1_7           BIT 0x97
0000            377   _P2_0           BIT 0xa0
0000            378   _P2_1           BIT 0xa1
0000            379   _P2_2           BIT 0xa2
0000            380   _P2_3           BIT 0xa3
0000            381   _P2_4           BIT 0xa4
0000            382   _P2_5           BIT 0xa5
0000            383   _P2_6           BIT 0xa6
0000            384   _P3_0           BIT 0xb0
0000            385   _P3_1           BIT 0xb1
0000            386   _P3_2           BIT 0xb2
0000            387   _P3_3           BIT 0xb3
0000            388   _P3_4           BIT 0xb4
0000            389   _P3_7           BIT 0xb7
0000            390   _CCF0           BIT 0xd8
0000            391   _CCF1           BIT 0xd9
0000            392   _CCF2           BIT 0xda
0000            393   _CCF3           BIT 0xdb
0000            394   _CCF4           BIT 0xdc
0000            395   _CCF5           BIT 0xdd
0000            396   _CR             BIT 0xde
0000            397   _CF             BIT 0xdf
0000            398   _PARITY         BIT 0xd0
0000            399   _F1             BIT 0xd1
0000            400   _OV             BIT 0xd2
0000            401   _RS0            BIT 0xd3
0000            402   _RS1            BIT 0xd4
0000            403   _F0             BIT 0xd5
0000            404   _AC             BIT 0xd6
0000            405   _CY             BIT 0xd7
0000            406   _RI             BIT 0x98
0000            407   _TI             BIT 0x99
0000            408   _RB8            BIT 0x9a
0000            409   _TB8            BIT 0x9b
0000            410   _REN            BIT 0x9c
0000            411   _CE             BIT 0x9d
0000            412   _SMODE          BIT 0x9e
0000            413   _RI1            BIT 0xc8
0000            414   _TI1            BIT 0xc9
0000            415   _RBX1           BIT 0xca
0000            416   _TBX1           BIT 0xcb
0000            417   _REN1           BIT 0xcc
0000            418   _PERR1          BIT 0xcd
0000            419   _OVR1           BIT 0xce
0000            420   _SI             BIT 0xc0
0000            421   _ACK            BIT 0xc1
0000            422   _ARBLOST        BIT 0xc2
0000            423   _ACKRQ          BIT 0xc3
0000            424   _STO            BIT 0xc4
0000            425   _STA            BIT 0xc5
0000            426   _TXMODE         BIT 0xc6
0000            427   _MASTER         BIT 0xc7
0000            428   _SPIEN          BIT 0xf8
0000            429   _TXNF           BIT 0xf9
0000            430   _NSSMD0         BIT 0xfa
0000            431   _NSSMD1         BIT 0xfb
0000            432   _RXOVRN         BIT 0xfc
0000            433   _MODF           BIT 0xfd
0000            434   _WCOL           BIT 0xfe
0000            435   _SPIF           BIT 0xff
0000            436   _IT0            BIT 0x88
0000            437   _IE0            BIT 0x89
0000            438   _IT1            BIT 0x8a
0000            439   _IE1            BIT 0x8b
0000            440   _TR0            BIT 0x8c
0000            441   _TF0            BIT 0x8d
0000            442   _TR1            BIT 0x8e
0000            443   _TF1            BIT 0x8f
0000            444   _T2XCLK0        BIT 0xc8
0000            445   _T2XCLK1        BIT 0xc9
0000            446   _TR2            BIT 0xca
0000            447   _T2SPLIT        BIT 0xcb
0000            448   _TF2CEN         BIT 0xcc
0000            449   _TF2LEN         BIT 0xcd
0000            450   _TF2L           BIT 0xce
0000            451   _TF2H           BIT 0xcf
0000            452   _T4XCLK0        BIT 0x98
0000            453   _T4XCLK1        BIT 0x99
0000            454   _TR4            BIT 0x9a
0000            455   _T4SPLIT        BIT 0x9b
0000            456   _TF4CEN         BIT 0x9c
0000            457   _TF4LEN         BIT 0x9d
0000            458   _TF4L           BIT 0x9e
0000            459   _TF4H           BIT 0x9f
0000            460   _T5XCLK0        BIT 0xc0
0000            461   _T5XCLK1        BIT 0xc1
0000            462   _TR5            BIT 0xc2
0000            463   _T5SPLIT        BIT 0xc3
0000            464   _TF5CEN         BIT 0xc4
0000            465   _TF5LEN         BIT 0xc5
0000            466   _TF5L           BIT 0xc6
0000            467   _TF5H           BIT 0xc7
0000            468   _RIE            BIT 0xd8
0000            469   _RXTO0          BIT 0xd9
0000            470   _RXTO1          BIT 0xda
0000            471   _RFRQ           BIT 0xdb
0000            472   _TIE            BIT 0xdc
0000            473   _TXHOLD         BIT 0xdd
0000            474   _TXNF1          BIT 0xde
0000            475   _TFRQ           BIT 0xdf
0000            476   ;--------------------------------------------------------
0000            477   ; overlayable register banks
0000            478   ;--------------------------------------------------------
0000            479            rbank0 segment data overlay
0000            480   ;--------------------------------------------------------
0000            481   ; internal ram data
0000            482   ;--------------------------------------------------------
0000            483            rseg R_DSEG
0000            484   _pwm_count:
0000            485            ds 1
0001            486   _speed_c:
0001            487            ds 3
0004            488   _direction_c:
0004            489            ds 2
0006            490   _speed:
0006            491            ds 2
0008            492   _direction:
0008            493            ds 2
000A            494   _getsn_PARM_2:
000A            495            ds 2
000C            496   _getsn_buff_1_48:
000C            497            ds 3
000F            498   _getsn_sloc0_1_0:
000F            499            ds 2
0011            500   ;--------------------------------------------------------
0011            501   ; overlayable items in internal ram 
0011            502   ;--------------------------------------------------------
0000            503            rseg R_OSEG
0000            504   ;--------------------------------------------------------
0000            505   ; indirectly addressable internal ram data
0000            506   ;--------------------------------------------------------
0000            507            rseg R_ISEG
0000            508   ;--------------------------------------------------------
0000            509   ; absolute internal ram data
0000            510   ;--------------------------------------------------------
0000            511            DSEG
0000            512   ;--------------------------------------------------------
0000            513   ; bit data
0000            514   ;--------------------------------------------------------
0000            515            rseg R_BSEG
0000            516   _Timer2_ISR_sloc0_1_0:
0000            517            DBIT    1
0001            518   ;--------------------------------------------------------
0001            519   ; paged external ram data
0001            520   ;--------------------------------------------------------
0000            521            rseg R_PSEG
0000            522   ;--------------------------------------------------------
0000            523   ; external ram data
0000            524   ;--------------------------------------------------------
0000            525            rseg R_XSEG
0000            526   ;--------------------------------------------------------
0000            527   ; absolute external ram data
0000            528   ;--------------------------------------------------------
0000            529            XSEG
0000            530   ;--------------------------------------------------------
0000            531   ; external initialized ram data
0000            532   ;--------------------------------------------------------
0000            533            rseg R_IXSEG
0000            534            rseg R_HOME
0000            535            rseg R_GSINIT
0000            536            rseg R_CSEG
0000            537   ;--------------------------------------------------------
0000            538   ; Reset entry point and interrupt vectors
0000            539   ;--------------------------------------------------------
0000            540            CSEG at 0x0000
0000 020100     541            ljmp    _crt0
002B            542            CSEG at 0x002b
002B 020100     543            ljmp    _Timer2_ISR
002E            544   ;--------------------------------------------------------
002E            545   ; global & static initialisations
002E            546   ;--------------------------------------------------------
0000            547            rseg R_HOME
0000            548            rseg R_GSINIT
0000            549            rseg R_GSINIT
0000            550   ;--------------------------------------------------------
0000            551   ; data variables initialization
0000            552   ;--------------------------------------------------------
0000            553            rseg R_DINIT
0000            554   ;        C:\Users\K\Desktop\courses\3rd Year term2\ELEC291\lab6\lab6nobonus.c:19: volatile unsigned char pwm_count=0;
0000 75A000     555            mov     _pwm_count,#0x00
0003            556   ;        C:\Users\K\Desktop\courses\3rd Year term2\ELEC291\lab6\lab6nobonus.c:21: volatile int  speed = 0, direction = 0;
0003 E4         557            clr     a
0004 F5E0       558            mov     _speed,a
0006 F5E1       559            mov     (_speed + 1),a
0008            560   ;        C:\Users\K\Desktop\courses\3rd Year term2\ELEC291\lab6\lab6nobonus.c:21: 
0008 E4         561            clr     a
0009 F5A0       562            mov     _direction,a
000B F5A1       563            mov     (_direction + 1),a
000D            564            ; The linker places a 'ret' at the end of segment R_DINIT.
000D            565   ;--------------------------------------------------------
000D            566   ; code
000D            567   ;--------------------------------------------------------
0000            568            rseg R_CSEG
0000            569   ;------------------------------------------------------------
0000            570   ;Allocation info for local variables in function '_c51_external_startup'
0000            571   ;------------------------------------------------------------
0000            572   ;------------------------------------------------------------
0000            573   ;        C:\Users\K\Desktop\courses\3rd Year term2\ELEC291\lab6\lab6nobonus.c:24: char _c51_external_startup (void)
0000            574   ;        -----------------------------------------
0000            575   ;         function _c51_external_startup
0000            576   ;        -----------------------------------------
0000            577   __c51_external_startup:
0000            578            using   0
0000            579   ;        C:\Users\K\Desktop\courses\3rd Year term2\ELEC291\lab6\lab6nobonus.c:27: SFRPAGE = 0x00;
0000 75A700     580            mov     _SFRPAGE,#0x00
0003            581   ;        C:\Users\K\Desktop\courses\3rd Year term2\ELEC291\lab6\lab6nobonus.c:28: WDTCN = 0xDE; //First key
0003 7597DE     582            mov     _WDTCN,#0xDE
0006            583   ;        C:\Users\K\Desktop\courses\3rd Year term2\ELEC291\lab6\lab6nobonus.c:29: WDTCN = 0xAD; //Second key
0006 7597AD     584            mov     _WDTCN,#0xAD
0009            585   ;        C:\Users\K\Desktop\courses\3rd Year term2\ELEC291\lab6\lab6nobonus.c:31: VDM0CN=0x80;       // enable VDD Amonitor
0009 75FF80     586            mov     _VDM0CN,#0x80
000C            587   ;        C:\Users\K\Desktop\courses\3rd Year term2\ELEC291\lab6\lab6nobonus.c:32: RSTSRC=0x02|0x04;  // Enable reset on missing clock detector and VDD
000C 75EF06     588            mov     _RSTSRC,#0x06
000F            589   ;        C:\Users\K\Desktop\courses\3rd Year term2\ELEC291\lab6\lab6nobonus.c:39: SFRPAGE = 0x10;
000F 75A710     590            mov     _SFRPAGE,#0x10
0012            591   ;        C:\Users\K\Desktop\courses\3rd Year term2\ELEC291\lab6\lab6nobonus.c:40: PFE0CN  = 0x20; // SYSCLK < 75 MHz.
0012 75C120     592            mov     _PFE0CN,#0x20
0015            593   ;        C:\Users\K\Desktop\courses\3rd Year term2\ELEC291\lab6\lab6nobonus.c:41: SFRPAGE = 0x00;
0015 75A700     594            mov     _SFRPAGE,#0x00
0018            595   ;        C:\Users\K\Desktop\courses\3rd Year term2\ELEC291\lab6\lab6nobonus.c:62: CLKSEL = 0x00;
0018 75A900     596            mov     _CLKSEL,#0x00
001B            597   ;        C:\Users\K\Desktop\courses\3rd Year term2\ELEC291\lab6\lab6nobonus.c:63: CLKSEL = 0x00;
001B 75A900     598            mov     _CLKSEL,#0x00
001E            599   ;        C:\Users\K\Desktop\courses\3rd Year term2\ELEC291\lab6\lab6nobonus.c:64: while ((CLKSEL & 0x80) == 0);
001E            600   L002001?:
001E E5A9       601            mov     a,_CLKSEL
0020 30E7E0     602            jnb     acc.7,L002001?
0023            603   ;        C:\Users\K\Desktop\courses\3rd Year term2\ELEC291\lab6\lab6nobonus.c:65: CLKSEL = 0x03;
0023 75A903     604            mov     _CLKSEL,#0x03
0026            605   ;        C:\Users\K\Desktop\courses\3rd Year term2\ELEC291\lab6\lab6nobonus.c:66: CLKSEL = 0x03;
0026 75A903     606            mov     _CLKSEL,#0x03
0029            607   ;        C:\Users\K\Desktop\courses\3rd Year term2\ELEC291\lab6\lab6nobonus.c:67: while ((CLKSEL & 0x80) == 0);
0029            608   L002004?:
0029 E5A9       609            mov     a,_CLKSEL
002B 30E760     610            jnb     acc.7,L002004?
002E            611   ;        C:\Users\K\Desktop\courses\3rd Year term2\ELEC291\lab6\lab6nobonus.c:72: P0MDOUT |= 0x10; // Enable UART0 TX as push-pull output
002E 43A410     612            orl     _P0MDOUT,#0x10
0031            613   ;        C:\Users\K\Desktop\courses\3rd Year term2\ELEC291\lab6\lab6nobonus.c:73: XBR0     = 0x01; // Enable UART0 on P0.4(TX) and P0.5(RX)                     
0031 75E101     614            mov     _XBR0,#0x01
0034            615   ;        C:\Users\K\Desktop\courses\3rd Year term2\ELEC291\lab6\lab6nobonus.c:74: XBR1     = 0X00;
0034 75E200     616            mov     _XBR1,#0x00
0037            617   ;        C:\Users\K\Desktop\courses\3rd Year term2\ELEC291\lab6\lab6nobonus.c:75: XBR2     = 0x40; // Enable crossbar and weak pull-ups
0037 75E340     618            mov     _XBR2,#0x40
003A            619   ;        C:\Users\K\Desktop\courses\3rd Year term2\ELEC291\lab6\lab6nobonus.c:81: SCON0 = 0x10;
003A 759810     620            mov     _SCON0,#0x10
003D            621   ;        C:\Users\K\Desktop\courses\3rd Year term2\ELEC291\lab6\lab6nobonus.c:82: TH1 = 0x100-((SYSCLK/BAUDRATE)/(2L*12L));
003D 758DE6     622            mov     _TH1,#0xE6
0040            623   ;        C:\Users\K\Desktop\courses\3rd Year term2\ELEC291\lab6\lab6nobonus.c:83: TL1 = TH1;      // Init Timer1
0040 858D8B     624            mov     _TL1,_TH1
0043            625   ;        C:\Users\K\Desktop\courses\3rd Year term2\ELEC291\lab6\lab6nobonus.c:84: TMOD &= ~0xf0;  // TMOD: timer 1 in 8-bit auto-reload
0043 53890F     626            anl     _TMOD,#0x0F
0046            627   ;        C:\Users\K\Desktop\courses\3rd Year term2\ELEC291\lab6\lab6nobonus.c:85: TMOD |=  0x20;                       
0046 438920     628            orl     _TMOD,#0x20
0049            629   ;        C:\Users\K\Desktop\courses\3rd Year term2\ELEC291\lab6\lab6nobonus.c:86: TR1 = 1; // START Timer1
0049 D28E       630            setb    _TR1
004B            631   ;        C:\Users\K\Desktop\courses\3rd Year term2\ELEC291\lab6\lab6nobonus.c:87: TI = 1;  // Indicate TX0 ready
004B D299       632            setb    _TI
004D            633   ;        C:\Users\K\Desktop\courses\3rd Year term2\ELEC291\lab6\lab6nobonus.c:90: TMR2CN0=0x00;   // Stop Timer2; Clear TF2;
004D 75C800     634            mov     _TMR2CN0,#0x00
0050            635   ;        C:\Users\K\Desktop\courses\3rd Year term2\ELEC291\lab6\lab6nobonus.c:91: CKCON0|=0b_0001_0000; // Timer 2 uses the system clock
0050 438E10     636            orl     _CKCON0,#0x10
0053            637   ;        C:\Users\K\Desktop\courses\3rd Year term2\ELEC291\lab6\lab6nobonus.c:92: TMR2RL=(0x10000L-(SYSCLK/10000L)); // Initialize reload value
0053 75CAE0     638            mov     _TMR2RL,#0xE0
0056 75CBE3     639            mov     (_TMR2RL >> 8),#0xE3
0059            640   ;        C:\Users\K\Desktop\courses\3rd Year term2\ELEC291\lab6\lab6nobonus.c:93: TMR2=0xffff;   // Set to reload immediately
0059 75CEFF     641            mov     _TMR2,#0xFF
005C 75CFFF     642            mov     (_TMR2 >> 8),#0xFF
005F            643   ;        C:\Users\K\Desktop\courses\3rd Year term2\ELEC291\lab6\lab6nobonus.c:94: ET2=1;         // Enable Timer2 interrupts
005F D2AD       644            setb    _ET2
0061            645   ;        C:\Users\K\Desktop\courses\3rd Year term2\ELEC291\lab6\lab6nobonus.c:95: TR2=1;         // Start Timer2 (TMR2CN is bit addressable)
0061 D2CA       646            setb    _TR2
0063            647   ;        C:\Users\K\Desktop\courses\3rd Year term2\ELEC291\lab6\lab6nobonus.c:97: EA=1; // Enable interrupts
0063 D2AF       648            setb    _EA
0065            649   ;        C:\Users\K\Desktop\courses\3rd Year term2\ELEC291\lab6\lab6nobonus.c:100: return 0;
0065 758200     650            mov     dpl,#0x00
0068 22         651            ret
0069            652   ;------------------------------------------------------------
0069            653   ;Allocation info for local variables in function 'Timer2_ISR'
0069            654   ;------------------------------------------------------------
0069            655   ;------------------------------------------------------------
0069            656   ;        C:\Users\K\Desktop\courses\3rd Year term2\ELEC291\lab6\lab6nobonus.c:103: void Timer2_ISR (void) interrupt 5
0069            657   ;        -----------------------------------------
0069            658   ;         function Timer2_ISR
0069            659   ;        -----------------------------------------
0069            660   _Timer2_ISR:
0069 C0E0       661            push    acc
006B C0F0       662            push    b
006D C002       663            push    ar2
006F C003       664            push    ar3
0071 C0D0       665            push    psw
0073 75D000     666            mov     psw,#0x00
0076            667   ;        C:\Users\K\Desktop\courses\3rd Year term2\ELEC291\lab6\lab6nobonus.c:105: TF2H = 0; // Clear Timer2 interrupt flag
0076 C2CF       668            clr     _TF2H
0078            669   ;        C:\Users\K\Desktop\courses\3rd Year term2\ELEC291\lab6\lab6nobonus.c:107: pwm_count++;
0078 05A0       670            inc     _pwm_count
007A            671   ;        C:\Users\K\Desktop\courses\3rd Year term2\ELEC291\lab6\lab6nobonus.c:108: if(pwm_count>100) pwm_count=0;
007A E5A0       672            mov     a,_pwm_count
007C 249B       673            add     a,#0xff - 0x64
007E 5001       674            jnc     L003002?
0080 75A000     675            mov     _pwm_count,#0x00
0083            676   L003002?:
0083            677   ;        C:\Users\K\Desktop\courses\3rd Year term2\ELEC291\lab6\lab6nobonus.c:110: if (direction){ //if it is 1 then we want to go CW
0083 E5A0       678            mov     a,_direction
0085 45A1       679            orl     a,(_direction + 1)
0087 6001       680            jz      L003004?
0089            681   ;        C:\Users\K\Desktop\courses\3rd Year term2\ELEC291\lab6\lab6nobonus.c:111: OUT0=pwm_count>speed?0:1; 
0089 AAA0       682            mov     r2,_pwm_count
008B 7B00       683            mov     r3,#0x00
008D C3         684            clr     c
008E E5E0       685            mov     a,_speed
0090 9A         686            subb    a,r2
0091 E5E1       687            mov     a,(_speed + 1)
0093 6480       688            xrl     a,#0x80
0095 8BF0       689            mov     b,r3
0097 63F080     690            xrl     b,#0x80
009A 95F0       691            subb    a,b
009C 9260       692            mov  _Timer2_ISR_sloc0_1_0,c
009E B3         693            cpl     c
009F 92A0       694            mov     _P2_0,c
00A1            695   ;        C:\Users\K\Desktop\courses\3rd Year term2\ELEC291\lab6\lab6nobonus.c:112: OUT1=0;
00A1 C2A1       696            clr     _P2_1
00A3 8001       697            sjmp    L003006?
00A5            698   L003004?:
00A5            699   ;        C:\Users\K\Desktop\courses\3rd Year term2\ELEC291\lab6\lab6nobonus.c:114: OUT0=0;
00A5 C2A0       700            clr     _P2_0
00A7            701   ;        C:\Users\K\Desktop\courses\3rd Year term2\ELEC291\lab6\lab6nobonus.c:115: OUT1=pwm_count>speed?0:1;  
00A7 AAA0       702            mov     r2,_pwm_count
00A9 7B00       703            mov     r3,#0x00
00AB C3         704            clr     c
00AC E5E0       705            mov     a,_speed
00AE 9A         706            subb    a,r2
00AF E5E1       707            mov     a,(_speed + 1)
00B1 6480       708            xrl     a,#0x80
00B3 8BF0       709            mov     b,r3
00B5 63F080     710            xrl     b,#0x80
00B8 95F0       711            subb    a,b
00BA 9260       712            mov  _Timer2_ISR_sloc0_1_0,c
00BC B3         713            cpl     c
00BD 92A1       714            mov     _P2_1,c
00BF            715   L003006?:
00BF D0D0       716            pop     psw
00C1 D003       717            pop     ar3
00C3 D002       718            pop     ar2
00C5 D0F0       719            pop     b
00C7 D0E0       720            pop     acc
00C9 32         721            reti
00CA            722   ;        eliminated unneeded push/pop dpl
00CA            723   ;        eliminated unneeded push/pop dph
00CA            724   ;------------------------------------------------------------
00CA            725   ;Allocation info for local variables in function 'getsn'
00CA            726   ;------------------------------------------------------------
00CA            727   ;len                       Allocated with name '_getsn_PARM_2'
00CA            728   ;buff                      Allocated with name '_getsn_buff_1_48'
00CA            729   ;j                         Allocated with name '_getsn_sloc0_1_0'
00CA            730   ;c                         Allocated to registers r3 
00CA            731   ;sloc0                     Allocated with name '_getsn_sloc0_1_0'
00CA            732   ;------------------------------------------------------------
00CA            733   ;        C:\Users\K\Desktop\courses\3rd Year term2\ELEC291\lab6\lab6nobonus.c:120: int getsn (char * buff, int len)
00CA            734   ;        -----------------------------------------
00CA            735   ;         function getsn
00CA            736   ;        -----------------------------------------
00CA            737   _getsn:
00CA 8582B8     738            mov     _getsn_buff_1_48,dpl
00CD 8583B9     739            mov     (_getsn_buff_1_48 + 1),dph
00D0 85F0BA     740            mov     (_getsn_buff_1_48 + 2),b
00D3            741   ;        C:\Users\K\Desktop\courses\3rd Year term2\ELEC291\lab6\lab6nobonus.c:125: for(j=0; j<(len-1); j++)
00D3 E4         742            clr     a
00D4 F510       743            mov     _getsn_sloc0_1_0,a
00D6 F511       744            mov     (_getsn_sloc0_1_0 + 1),a
00D8 E560       745            mov     a,_getsn_PARM_2
00DA 24FF       746            add     a,#0xff
00DC FF         747            mov     r7,a
00DD E561       748            mov     a,(_getsn_PARM_2 + 1)
00DF 34FF       749            addc    a,#0xff
00E1 F8         750            mov     r0,a
00E2 7900       751            mov     r1,#0x00
00E4 7A00       752            mov     r2,#0x00
00E6            753   L004005?:
00E6 C3         754            clr     c
00E7 E9         755            mov     a,r1
00E8 9F         756            subb    a,r7
00E9 EA         757            mov     a,r2
00EA 6480       758            xrl     a,#0x80
00EC 88F0       759            mov     b,r0
00EE 63F080     760            xrl     b,#0x80
00F1 95F0       761            subb    a,b
00F3 5001       762            jnc     L004008?
00F5            763   ;        C:\Users\K\Desktop\courses\3rd Year term2\ELEC291\lab6\lab6nobonus.c:127: c=getchar();
00F5 C002       764            push    ar2
00F7 C007       765            push    ar7
00F9 C000       766            push    ar0
00FB C001       767            push    ar1
00FD 120100     768            lcall   _getchar
0100 AB82       769            mov     r3,dpl
0102 D001       770            pop     ar1
0104 D000       771            pop     ar0
0106 D007       772            pop     ar7
0108 D002       773            pop     ar2
010A            774   ;        C:\Users\K\Desktop\courses\3rd Year term2\ELEC291\lab6\lab6nobonus.c:128: if ( (c=='\n') || (c=='\r') )
010A BB0A20     775            cjne    r3,#0x0A,L004015?
010D 8001       776            sjmp    L004001?
010F            777   L004015?:
010F BB0DA0     778            cjne    r3,#0x0D,L004002?
0112            779   L004001?:
0112            780   ;        C:\Users\K\Desktop\courses\3rd Year term2\ELEC291\lab6\lab6nobonus.c:130: buff[j]=0;
0112 E510       781            mov     a,_getsn_sloc0_1_0
0114 25B8       782            add     a,_getsn_buff_1_48
0116 FC         783            mov     r4,a
0117 E511       784            mov     a,(_getsn_sloc0_1_0 + 1)
0119 35B9       785            addc    a,(_getsn_buff_1_48 + 1)
011B FD         786            mov     r5,a
011C AEBA       787            mov     r6,(_getsn_buff_1_48 + 2)
011E 8C82       788            mov     dpl,r4
0120 8D83       789            mov     dph,r5
0122 8EF0       790            mov     b,r6
0124 E4         791            clr     a
0125 120100     792            lcall   __gptrput
0128            793   ;        C:\Users\K\Desktop\courses\3rd Year term2\ELEC291\lab6\lab6nobonus.c:131: return j;
0128 851082     794            mov     dpl,_getsn_sloc0_1_0
012B 851183     795            mov     dph,(_getsn_sloc0_1_0 + 1)
012E 22         796            ret
012F            797   L004002?:
012F            798   ;        C:\Users\K\Desktop\courses\3rd Year term2\ELEC291\lab6\lab6nobonus.c:135: buff[j]=c;
012F E9         799            mov     a,r1
0130 25B8       800            add     a,_getsn_buff_1_48
0132 FC         801            mov     r4,a
0133 EA         802            mov     a,r2
0134 35B9       803            addc    a,(_getsn_buff_1_48 + 1)
0136 FD         804            mov     r5,a
0137 AEBA       805            mov     r6,(_getsn_buff_1_48 + 2)
0139 8C82       806            mov     dpl,r4
013B 8D83       807            mov     dph,r5
013D 8EF0       808            mov     b,r6
013F EB         809            mov     a,r3
0140 120100     810            lcall   __gptrput
0143            811   ;        C:\Users\K\Desktop\courses\3rd Year term2\ELEC291\lab6\lab6nobonus.c:125: for(j=0; j<(len-1); j++)
0143 09         812            inc     r1
0144 B90020     813            cjne    r1,#0x00,L004018?
0147 0A         814            inc     r2
0148            815   L004018?:
0148 8910       816            mov     _getsn_sloc0_1_0,r1
014A 8A11       817            mov     (_getsn_sloc0_1_0 + 1),r2
014C 8001       818            sjmp    L004005?
014E            819   L004008?:
014E            820   ;        C:\Users\K\Desktop\courses\3rd Year term2\ELEC291\lab6\lab6nobonus.c:138: buff[j]=0;
014E E510       821            mov     a,_getsn_sloc0_1_0
0150 25B8       822            add     a,_getsn_buff_1_48
0152 FA         823            mov     r2,a
0153 E511       824            mov     a,(_getsn_sloc0_1_0 + 1)
0155 35B9       825            addc    a,(_getsn_buff_1_48 + 1)
0157 FB         826            mov     r3,a
0158 ACBA       827            mov     r4,(_getsn_buff_1_48 + 2)
015A 8A82       828            mov     dpl,r2
015C 8B83       829            mov     dph,r3
015E 8CF0       830            mov     b,r4
0160 E4         831            clr     a
0161 120100     832            lcall   __gptrput
0164            833   ;        C:\Users\K\Desktop\courses\3rd Year term2\ELEC291\lab6\lab6nobonus.c:139: return len;
0164 856082     834            mov     dpl,_getsn_PARM_2
0167 856183     835            mov     dph,(_getsn_PARM_2 + 1)
016A 22         836            ret
016B            837   ;------------------------------------------------------------
016B            838   ;Allocation info for local variables in function 'main'
016B            839   ;------------------------------------------------------------
016B            840   ;------------------------------------------------------------
016B            841   ;        C:\Users\K\Desktop\courses\3rd Year term2\ELEC291\lab6\lab6nobonus.c:142: void main (void)
016B            842   ;        -----------------------------------------
016B            843   ;         function main
016B            844   ;        -----------------------------------------
016B            845   _main:
016B            846   ;        C:\Users\K\Desktop\courses\3rd Year term2\ELEC291\lab6\lab6nobonus.c:144: printf("\x1b[2J"); // Clear screen using ANSI escape sequence.
016B 7460       847            mov     a,#__str_0
016D C0E0       848            push    acc
016F 74B5       849            mov     a,#(__str_0 >> 8)
0171 C0E0       850            push    acc
0173 7480       851            mov     a,#0x80
0175 C0E0       852            push    acc
0177 120100     853            lcall   _printf
017A 1581       854            dec     sp
017C 1581       855            dec     sp
017E 1581       856            dec     sp
0180            857   ;        C:\Users\K\Desktop\courses\3rd Year term2\ELEC291\lab6\lab6nobonus.c:146: "Check pins P2.0 and P2.1 with the oscilloscope.\r\n\n");
0180 7420       858            mov     a,#__str_1
0182 C0E0       859            push    acc
0184 74B6       860            mov     a,#(__str_1 >> 8)
0186 C0E0       861            push    acc
0188 7480       862            mov     a,#0x80
018A C0E0       863            push    acc
018C 120100     864            lcall   _printf
018F 1581       865            dec     sp
0191 1581       866            dec     sp
0193 1581       867            dec     sp
0195            868   ;        C:\Users\K\Desktop\courses\3rd Year term2\ELEC291\lab6\lab6nobonus.c:148: while(1)
0195            869   L005005?:
0195            870   ;        C:\Users\K\Desktop\courses\3rd Year term2\ELEC291\lab6\lab6nobonus.c:150: printf("Please enter the speed (2 digits):");
0195 74A0       871            mov     a,#__str_2
0197 C0E0       872            push    acc
0199 74B6       873            mov     a,#(__str_2 >> 8)
019B C0E0       874            push    acc
019D 7480       875            mov     a,#0x80
019F C0E0       876            push    acc
01A1 120100     877            lcall   _printf
01A4 1581       878            dec     sp
01A6 1581       879            dec     sp
01A8 1581       880            dec     sp
01AA            881   ;        C:\Users\K\Desktop\courses\3rd Year term2\ELEC291\lab6\lab6nobonus.c:151: getsn(speed_c, sizeof(speed_c));
01AA 756003     882            mov     _getsn_PARM_2,#0x03
01AD E4         883            clr     a
01AE F561       884            mov     (_getsn_PARM_2 + 1),a
01B0 904260     885            mov     dptr,#_speed_c
01B3 75F040     886            mov     b,#0x40
01B6 120100     887            lcall   _getsn
01B9            888   ;        C:\Users\K\Desktop\courses\3rd Year term2\ELEC291\lab6\lab6nobonus.c:153: speed = atoi(speed_c);
01B9 904260     889            mov     dptr,#_speed_c
01BC 75F040     890            mov     b,#0x40
01BF 120100     891            lcall   _atoi
01C2 8582E0     892            mov     _speed,dpl
01C5 8583E1     893            mov     (_speed + 1),dph
01C8            894   ;        C:\Users\K\Desktop\courses\3rd Year term2\ELEC291\lab6\lab6nobonus.c:154: printf("\nThe speed is set to %d\n",speed);
01C8 C0E0       895            push    _speed
01CA C0E1       896            push    (_speed + 1)
01CC 7420       897            mov     a,#__str_3
01CE C0E0       898            push    acc
01D0 74B7       899            mov     a,#(__str_3 >> 8)
01D2 C0E0       900            push    acc
01D4 7480       901            mov     a,#0x80
01D6 C0E0       902            push    acc
01D8 120100     903            lcall   _printf
01DB E581       904            mov     a,sp
01DD 24FB       905            add     a,#0xfb
01DF F581       906            mov     sp,a
01E1            907   ;        C:\Users\K\Desktop\courses\3rd Year term2\ELEC291\lab6\lab6nobonus.c:156: printf("Please enter the direction (0 for CCW,1 for CW):");
01E1 7460       908            mov     a,#__str_4
01E3 C0E0       909            push    acc
01E5 74B7       910            mov     a,#(__str_4 >> 8)
01E7 C0E0       911            push    acc
01E9 7480       912            mov     a,#0x80
01EB C0E0       913            push    acc
01ED 120100     914            lcall   _printf
01F0 1581       915            dec     sp
01F2 1581       916            dec     sp
01F4 1581       917            dec     sp
01F6            918   ;        C:\Users\K\Desktop\courses\3rd Year term2\ELEC291\lab6\lab6nobonus.c:157: getsn(direction_c, sizeof(direction_c));
01F6 756002     919            mov     _getsn_PARM_2,#0x02
01F9 E4         920            clr     a
01FA F561       921            mov     (_getsn_PARM_2 + 1),a
01FC 904220     922            mov     dptr,#_direction_c
01FF 75F040     923            mov     b,#0x40
0202 120100     924            lcall   _getsn
0205            925   ;        C:\Users\K\Desktop\courses\3rd Year term2\ELEC291\lab6\lab6nobonus.c:159: direction = atoi(direction_c); 
0205 904220     926            mov     dptr,#_direction_c
0208 75F040     927            mov     b,#0x40
020B 120100     928            lcall   _atoi
020E 8582A0     929            mov     _direction,dpl
0211 8583A1     930            mov     (_direction + 1),dph
0214            931   ;        C:\Users\K\Desktop\courses\3rd Year term2\ELEC291\lab6\lab6nobonus.c:161: if(direction) printf("\nClockwise rotation\n"); //print what direction we are in
0214 E5A0       932            mov     a,_direction
0216 45A1       933            orl     a,(_direction + 1)
0218 6001       934            jz      L005002?
021A 74E0       935            mov     a,#__str_5
021C C0E0       936            push    acc
021E 74B7       937            mov     a,#(__str_5 >> 8)
0220 C0E0       938            push    acc
0222 7480       939            mov     a,#0x80
0224 C0E0       940            push    acc
0226 120100     941            lcall   _printf
0229 1581       942            dec     sp
022B 1581       943            dec     sp
022D 1581       944            dec     sp
022F 020100     945            ljmp    L005005?
0232            946   L005002?:
0232            947   ;        C:\Users\K\Desktop\courses\3rd Year term2\ELEC291\lab6\lab6nobonus.c:162: else printf("\nCounterClockwise rotation\n");
0232 7420       948            mov     a,#__str_6
0234 C0E0       949            push    acc
0236 74B8       950            mov     a,#(__str_6 >> 8)
0238 C0E0       951            push    acc
023A 7480       952            mov     a,#0x80
023C C0E0       953            push    acc
023E 120100     954            lcall   _printf
0241 1581       955            dec     sp
0243 1581       956            dec     sp
0245 1581       957            dec     sp
0247 020100     958            ljmp    L005005?
024A            959            rseg R_CSEG
024A            960   
0000            961            rseg R_XINIT
0000            962   
0000            963            rseg R_CONST
0000            964   __str_0:
0000 1B         965            db 0x1B
0001 5B324A     966            db '[2J'
0004 00         967            db 0x00
0005            968   __str_1:
0005 41757468   969            db 'Author: Kingston Chen.'
     6F723A20
     4B696E67
     73746F6E
     20436865
     6E2E
001B 0D         970            db 0x0D
001C 0A         971            db 0x0A
001D 43686563   972            db 'Check pins P2.0 and P2.1 with the os'
     6B207069
     6E732050
     322E3020
     616E6420
     50322E31
     20776974
     68207468
     65206F73
0041 63696C6C   973            db 'cilloscope.'
     6F73636F
     70652E
004C 0D         974            db 0x0D
004D 0A         975            db 0x0A
004E 0A         976            db 0x0A
004F 00         977            db 0x00
0050            978   __str_2:
0050 506C6561   979            db 'Please enter the speed (2 digits):'
     73652065
     6E746572
     20746865
     20737065
     65642028
     32206469
     67697473
     293A
0072 00         980            db 0x00
0073            981   __str_3:
0073 0A         982            db 0x0A
0074 54686520   983            db 'The speed is set to %d'
     73706565
     64206973
     20736574
     20746F20
     2564
008A 0A         984            db 0x0A
008B 00         985            db 0x00
008C            986   __str_4:
008C 506C6561   987            db 'Please enter the direction (0 for CCW,1 for CW):'
     73652065
     6E746572
     20746865
     20646972
     65637469
     6F6E2028
     3020666F
     72204343
     572C3120
     666F7220
     4357293A
00BC 00         988            db 0x00
00BD            989   __str_5:
00BD 0A         990            db 0x0A
00BE 436C6F63   991            db 'Clockwise rotation'
     6B776973
     6520726F
     74617469
     6F6E
00D0 0A         992            db 0x0A
00D1 00         993            db 0x00
00D2            994   __str_6:
00D2 0A         995            db 0x0A
00D3 436F756E   996            db 'CounterClockwise rotation'
     74657243
     6C6F636B
     77697365
     20726F74
     6174696F
     6E
00EC 0A         997            db 0x0A
00ED 00         998            db 0x00
00EE            999   
002E           1000            CSEG
002E           1001   
002E           1002   end
